Latent_dim:30,Hidden_layers_in_phi:3*100,F:3*100,POCAS,MULTIlr__DECAYDIST__,eps:150batch_size:100lr:0.001lr_gamma:0.5,mass,energy,pz:hasTHETA_CHI2,err:noErrscal_inps
epoch:  0 train loss:  159.0774688720703 test loss:  151.65956115722656
epoch:  1 train loss:  112.4704360961914 test loss:  106.41926574707031
epoch:  2 train loss:  105.25149536132812 test loss:  99.11589050292969
epoch:  3 train loss:  102.13688659667969 test loss:  97.95075988769531
epoch:  4 train loss:  96.67620849609375 test loss:  91.6036376953125
epoch:  5 train loss:  93.67539978027344 test loss:  88.90982818603516
epoch:  6 train loss:  94.34617614746094 test loss:  89.71131134033203
epoch:  7 train loss:  91.17073822021484 test loss:  86.7695541381836
epoch:  8 train loss:  96.9903564453125 test loss:  93.2058334350586
epoch:  9 train loss:  87.72150421142578 test loss:  83.50112915039062
epoch:  10 train loss:  85.06726837158203 test loss:  80.60242462158203
epoch:  11 train loss:  83.58313751220703 test loss:  81.25321960449219
epoch:  12 train loss:  81.98764038085938 test loss:  79.81659698486328
epoch:  13 train loss:  82.52941131591797 test loss:  81.64462280273438
epoch:  14 train loss:  79.89317321777344 test loss:  78.71063232421875
epoch:  15 train loss:  79.61898040771484 test loss:  78.34359741210938
epoch:  16 train loss:  79.62350463867188 test loss:  78.4318618774414
epoch:  17 train loss:  79.44316864013672 test loss:  78.6614990234375
epoch:  18 train loss:  78.64732360839844 test loss:  76.75682830810547
epoch:  19 train loss:  77.7486801147461 test loss:  77.0693588256836
epoch:  20 train loss:  78.69298553466797 test loss:  78.96401977539062
epoch:  21 train loss:  75.66582489013672 test loss:  74.80472564697266
epoch:  22 train loss:  75.77616882324219 test loss:  76.70861053466797
epoch:  23 train loss:  76.88542175292969 test loss:  77.73485565185547
epoch:  24 train loss:  75.48992919921875 test loss:  76.66158294677734
epoch:  25 train loss:  75.3504867553711 test loss:  75.83672332763672
epoch:  26 train loss:  78.84793853759766 test loss:  79.52941131591797
epoch:  27 train loss:  75.3894271850586 test loss:  76.66532897949219
epoch:  28 train loss:  73.2868423461914 test loss:  73.82740783691406
epoch:  29 train loss:  72.23907470703125 test loss:  73.47686767578125
epoch:  30 train loss:  72.93507385253906 test loss:  74.30123901367188
epoch:  31 train loss:  72.35801696777344 test loss:  73.14263916015625
epoch:  32 train loss:  70.42351531982422 test loss:  72.32284545898438
epoch:  33 train loss:  70.83958435058594 test loss:  73.2623291015625
epoch:  34 train loss:  71.387451171875 test loss:  73.16895294189453
epoch:  35 train loss:  69.92106628417969 test loss:  73.59814453125
epoch:  36 train loss:  72.75822448730469 test loss:  73.70699310302734
epoch:  37 train loss:  69.11038208007812 test loss:  72.1995620727539
epoch:  38 train loss:  68.73784637451172 test loss:  71.51934814453125
epoch:  39 train loss:  68.25142669677734 test loss:  71.95976257324219
epoch:  40 train loss:  74.47564697265625 test loss:  77.34149932861328
epoch:  41 train loss:  69.37728881835938 test loss:  73.57221221923828
epoch:  42 train loss:  75.37327575683594 test loss:  78.6402587890625
epoch:  43 train loss:  68.03946685791016 test loss:  71.49642944335938
epoch:  44 train loss:  67.88753509521484 test loss:  72.31278228759766
epoch:  45 train loss:  67.41133880615234 test loss:  72.25579833984375
epoch:  46 train loss:  66.74534606933594 test loss:  71.96269226074219
epoch:  47 train loss:  67.24513244628906 test loss:  73.14058685302734
epoch:  48 train loss:  66.46267700195312 test loss:  72.47753143310547
epoch:  49 train loss:  70.60070037841797 test loss:  74.07080078125
epoch:  50 train loss:  65.89392852783203 test loss:  71.40827941894531
epoch:  51 train loss:  65.87942504882812 test loss:  72.3472900390625
epoch:  52 train loss:  65.51513671875 test loss:  72.27758026123047
epoch:  53 train loss:  66.77635955810547 test loss:  73.3526611328125
epoch:  54 train loss:  63.565330505371094 test loss:  71.20989990234375
epoch:  55 train loss:  64.67914581298828 test loss:  74.3649673461914
epoch:  56 train loss:  63.35400390625 test loss:  71.27202606201172
epoch:  57 train loss:  63.707923889160156 test loss:  70.35633850097656
epoch:  58 train loss:  62.3014030456543 test loss:  71.4291763305664
epoch:  59 train loss:  64.72029113769531 test loss:  73.26018524169922
epoch:  60 train loss:  63.19477081298828 test loss:  70.59840393066406
epoch:  61 train loss:  62.705692291259766 test loss:  70.76933288574219
epoch:  62 train loss:  61.101314544677734 test loss:  71.10514068603516
epoch:  63 train loss:  60.771697998046875 test loss:  69.59024810791016
epoch:  64 train loss:  61.825355529785156 test loss:  71.72054290771484
epoch:  65 train loss:  59.684120178222656 test loss:  70.44866943359375
epoch:  66 train loss:  63.33781433105469 test loss:  73.1823959350586
epoch:  67 train loss:  59.00288391113281 test loss:  71.08226013183594
epoch:  68 train loss:  58.63233184814453 test loss:  69.97715759277344
epoch:  69 train loss:  57.66922378540039 test loss:  69.10033416748047
epoch:  70 train loss:  57.84446334838867 test loss:  70.31951141357422
epoch:  71 train loss:  59.893089294433594 test loss:  73.84107208251953
epoch:  72 train loss:  57.79817199707031 test loss:  69.92256164550781
epoch:  73 train loss:  57.449623107910156 test loss:  69.4636001586914
epoch:  74 train loss:  58.588130950927734 test loss:  71.18633270263672
epoch:  75 train loss:  59.68473815917969 test loss:  74.59597778320312
epoch:  76 train loss:  58.158390045166016 test loss:  73.8458480834961
epoch:  77 train loss:  54.9334716796875 test loss:  69.44368743896484
epoch:  78 train loss:  54.51694107055664 test loss:  71.29156494140625
epoch:  79 train loss:  59.93592834472656 test loss:  77.14034271240234
epoch:  80 train loss:  56.823448181152344 test loss:  74.36906433105469
epoch:  81 train loss:  54.72098922729492 test loss:  70.31513214111328
epoch:  82 train loss:  54.789649963378906 test loss:  71.08504486083984
epoch:  83 train loss:  53.1068229675293 test loss:  70.7127685546875
epoch:  84 train loss:  53.92976760864258 test loss:  69.1395263671875
epoch:  85 train loss:  53.53178405761719 test loss:  72.31941986083984
epoch:  86 train loss:  51.579078674316406 test loss:  71.01850128173828
epoch:  87 train loss:  52.86538314819336 test loss:  69.91319274902344
epoch:  88 train loss:  52.84442901611328 test loss:  71.52987670898438
epoch:  89 train loss:  56.77500915527344 test loss:  74.3481674194336
epoch:  90 train loss:  53.11056900024414 test loss:  70.8095703125
epoch:  91 train loss:  51.13414764404297 test loss:  70.43097686767578
epoch:  92 train loss:  51.51104736328125 test loss:  72.38102722167969
epoch:  93 train loss:  52.05143356323242 test loss:  74.86734771728516
epoch:  94 train loss:  53.64873504638672 test loss:  73.13385772705078
epoch:  95 train loss:  50.53489303588867 test loss:  71.40142822265625
epoch:  96 train loss:  48.36703872680664 test loss:  69.10366821289062
epoch:  97 train loss:  49.71975326538086 test loss:  72.02511596679688
epoch:  98 train loss:  49.31607437133789 test loss:  70.0179214477539
epoch:  99 train loss:  48.48712158203125 test loss:  70.57666778564453
epoch:  100 train loss:  49.43551254272461 test loss:  72.75824737548828
epoch:  101 train loss:  49.18804931640625 test loss:  72.2825698852539
epoch:  102 train loss:  47.12603759765625 test loss:  71.65142822265625
epoch:  103 train loss:  47.96044158935547 test loss:  71.34725952148438
epoch:  104 train loss:  48.362220764160156 test loss:  72.56704711914062
epoch:  105 train loss:  47.09908676147461 test loss:  69.46672058105469
epoch:  106 train loss:  47.073429107666016 test loss:  72.1800308227539
epoch:  107 train loss:  46.080440521240234 test loss:  70.4485092163086
epoch:  108 train loss:  47.2706298828125 test loss:  69.47938537597656
epoch:  109 train loss:  47.48033142089844 test loss:  74.11323547363281
epoch:  110 train loss:  47.332557678222656 test loss:  70.60670471191406
epoch:  111 train loss:  48.458255767822266 test loss:  73.80497741699219
epoch:  112 train loss:  46.521392822265625 test loss:  72.68050384521484
epoch:  113 train loss:  45.8203010559082 test loss:  69.4692153930664
epoch:  114 train loss:  44.62904357910156 test loss:  72.08830261230469
epoch:  115 train loss:  45.71623611450195 test loss:  75.04002380371094
epoch:  116 train loss:  43.89576721191406 test loss:  70.59032440185547
epoch:  117 train loss:  48.126068115234375 test loss:  73.93331146240234
epoch:  118 train loss:  43.42573165893555 test loss:  70.19322967529297
epoch:  119 train loss:  45.08384323120117 test loss:  72.5538330078125
epoch:  120 train loss:  44.5859375 test loss:  73.8360824584961
epoch:  121 train loss:  50.430503845214844 test loss:  75.92300415039062
epoch:  122 train loss:  42.556148529052734 test loss:  71.8658447265625
epoch:  123 train loss:  44.207008361816406 test loss:  69.6620101928711
epoch:  124 train loss:  43.80091857910156 test loss:  70.45685577392578
epoch:  125 train loss:  42.73235321044922 test loss:  70.92432403564453
epoch:  126 train loss:  41.99174499511719 test loss:  71.12721252441406
epoch:  127 train loss:  48.575775146484375 test loss:  77.57979583740234
epoch:  128 train loss:  41.84822082519531 test loss:  71.9540786743164
epoch:  129 train loss:  41.7852783203125 test loss:  70.693115234375
epoch:  130 train loss:  41.52153396606445 test loss:  70.93109893798828
epoch:  131 train loss:  45.12075424194336 test loss:  70.16736602783203
epoch:  132 train loss:  42.05265426635742 test loss:  72.36937713623047
epoch:  133 train loss:  40.51185607910156 test loss:  71.28520202636719
epoch:  134 train loss:  40.296302795410156 test loss:  72.18412017822266
epoch:  135 train loss:  41.987667083740234 test loss:  71.68378448486328
epoch:  136 train loss:  40.65829849243164 test loss:  70.43194580078125
epoch:  137 train loss:  40.898902893066406 test loss:  72.44304656982422
epoch:  138 train loss:  44.249080657958984 test loss:  76.7792739868164
epoch:  139 train loss:  40.78715133666992 test loss:  71.02564239501953
epoch:  140 train loss:  40.25083541870117 test loss:  72.51400756835938
epoch:  141 train loss:  40.35224533081055 test loss:  73.56835174560547
epoch:  142 train loss:  38.90790939331055 test loss:  71.94315338134766
epoch:  143 train loss:  39.58465576171875 test loss:  70.69638061523438
epoch:  144 train loss:  43.730430603027344 test loss:  73.93724060058594
epoch:  145 train loss:  40.962074279785156 test loss:  73.4498519897461
epoch:  146 train loss:  43.0794792175293 test loss:  76.32186126708984
epoch:  147 train loss:  40.88323974609375 test loss:  70.75784301757812
epoch:  148 train loss:  45.027896881103516 test loss:  79.49775695800781
epoch:  149 train loss:  38.75791931152344 test loss:  72.59552001953125
Best loss: 69.10033416748047 Final loss: 72.59552001953125
Mean Diff: 4.101045411966995
Diff Std. Dev.:  7.468395963600973
[[10.986523  ]
 [ 9.27094   ]
 [ 4.2904305 ]
 ...
 [ 9.1345    ]
 [ 0.43443617]
 [ 3.0302184 ]]
[ 924 7887 9782 ...  744 7488 3489]
7944
diffs_above5 [2.35563797e+02 1.73558655e+02 1.71461166e+02 ... 1.67263436e+00
 7.18531609e-02 3.32055569e-01]
Mean Diffs above 5: 5.937200144848675
Diffs above 5 Std. Dev.:  9.224606657015828
Latent_dim:30,Hidden_layers_in_phi:3*100,F:3*100,POCAS,MULTIlr__DECAYDIST__,eps:150batch_size:100lr:0.001lr_gamma:0.5,mass,energy,pz:hasTHETA_CHI2_dlCut,err:noErrscal_inps
epoch:  0 train loss:  240.58255004882812 test loss:  273.3945617675781
epoch:  1 train loss:  213.60446166992188 test loss:  246.262939453125
epoch:  2 train loss:  160.6471405029297 test loss:  189.72962951660156
epoch:  3 train loss:  153.04763793945312 test loss:  183.5723114013672
epoch:  4 train loss:  140.93191528320312 test loss:  174.68309020996094
epoch:  5 train loss:  135.92178344726562 test loss:  169.68984985351562
epoch:  6 train loss:  132.90090942382812 test loss:  167.73834228515625
epoch:  7 train loss:  131.16371154785156 test loss:  166.05467224121094
epoch:  8 train loss:  129.72120666503906 test loss:  163.8546905517578
epoch:  9 train loss:  129.2281036376953 test loss:  163.81283569335938
epoch:  10 train loss:  125.90182495117188 test loss:  160.85128784179688
epoch:  11 train loss:  125.78082275390625 test loss:  160.69935607910156
epoch:  12 train loss:  123.14999389648438 test loss:  158.32177734375
epoch:  13 train loss:  123.30937194824219 test loss:  158.2167510986328
epoch:  14 train loss:  122.58295440673828 test loss:  156.943603515625
epoch:  15 train loss:  120.76082611083984 test loss:  156.41815185546875
epoch:  16 train loss:  119.88912963867188 test loss:  156.05418395996094
epoch:  17 train loss:  123.25040435791016 test loss:  160.4278106689453
epoch:  18 train loss:  115.99687194824219 test loss:  154.52723693847656
epoch:  19 train loss:  114.33396911621094 test loss:  150.9408721923828
epoch:  20 train loss:  114.68907928466797 test loss:  152.74729919433594
epoch:  21 train loss:  113.352294921875 test loss:  149.4830322265625
epoch:  22 train loss:  112.62639617919922 test loss:  150.63372802734375
epoch:  23 train loss:  111.06989288330078 test loss:  147.4467010498047
epoch:  24 train loss:  108.23727416992188 test loss:  147.01681518554688
epoch:  25 train loss:  107.48389434814453 test loss:  146.58644104003906
epoch:  26 train loss:  108.98802947998047 test loss:  149.5899200439453
epoch:  27 train loss:  111.48265838623047 test loss:  154.58294677734375
epoch:  28 train loss:  107.46651458740234 test loss:  147.5894775390625
epoch:  29 train loss:  107.78085327148438 test loss:  145.3514404296875
epoch:  30 train loss:  104.16615295410156 test loss:  145.57925415039062
epoch:  31 train loss:  104.28302764892578 test loss:  148.05592346191406
epoch:  32 train loss:  104.22664642333984 test loss:  148.10731506347656
epoch:  33 train loss:  106.1890869140625 test loss:  146.93145751953125
epoch:  34 train loss:  103.40572357177734 test loss:  146.03213500976562
epoch:  35 train loss:  101.9059829711914 test loss:  142.3448486328125
epoch:  36 train loss:  100.7206039428711 test loss:  144.42945861816406
epoch:  37 train loss:  101.35211944580078 test loss:  144.8972930908203
epoch:  38 train loss:  102.78385925292969 test loss:  144.89871215820312
epoch:  39 train loss:  99.48396301269531 test loss:  144.6341552734375
epoch:  40 train loss:  99.40316772460938 test loss:  143.2266387939453
epoch:  41 train loss:  101.08877563476562 test loss:  148.58050537109375
epoch:  42 train loss:  101.83332824707031 test loss:  145.47097778320312
epoch:  43 train loss:  99.9121322631836 test loss:  142.0845184326172
epoch:  44 train loss:  99.98432922363281 test loss:  144.8360595703125
epoch:  45 train loss:  96.2264175415039 test loss:  142.10220336914062
epoch:  46 train loss:  98.78447723388672 test loss:  149.75674438476562
epoch:  47 train loss:  97.13658905029297 test loss:  145.00437927246094
epoch:  48 train loss:  95.28599548339844 test loss:  142.4912109375
epoch:  49 train loss:  96.33446502685547 test loss:  144.51512145996094
epoch:  50 train loss:  98.21646118164062 test loss:  144.32521057128906
epoch:  51 train loss:  94.34163665771484 test loss:  145.3634033203125
epoch:  52 train loss:  101.40880584716797 test loss:  149.88844299316406
epoch:  53 train loss:  94.19549560546875 test loss:  138.54043579101562
epoch:  54 train loss:  96.20335388183594 test loss:  148.29840087890625
epoch:  55 train loss:  92.24645233154297 test loss:  140.60308837890625
epoch:  56 train loss:  94.23587036132812 test loss:  146.78480529785156
epoch:  57 train loss:  91.842041015625 test loss:  138.25872802734375
epoch:  58 train loss:  89.6555404663086 test loss:  140.41360473632812
epoch:  59 train loss:  93.89193725585938 test loss:  144.74911499023438
epoch:  60 train loss:  89.18993377685547 test loss:  140.97964477539062
epoch:  61 train loss:  89.20155334472656 test loss:  137.71945190429688
epoch:  62 train loss:  87.93450927734375 test loss:  140.53192138671875
epoch:  63 train loss:  88.12590026855469 test loss:  138.47344970703125
epoch:  64 train loss:  85.8411636352539 test loss:  139.07241821289062
epoch:  65 train loss:  92.85171508789062 test loss:  147.47250366210938
epoch:  66 train loss:  90.76303100585938 test loss:  140.1780548095703
epoch:  67 train loss:  89.02821350097656 test loss:  146.2543487548828
epoch:  68 train loss:  89.76470184326172 test loss:  141.72193908691406
epoch:  69 train loss:  87.19657135009766 test loss:  138.0523681640625
epoch:  70 train loss:  93.73492431640625 test loss:  149.43264770507812
epoch:  71 train loss:  85.67984771728516 test loss:  138.0953369140625
epoch:  72 train loss:  86.92144775390625 test loss:  140.31597900390625
epoch:  73 train loss:  90.50379943847656 test loss:  143.68113708496094
epoch:  74 train loss:  84.30294799804688 test loss:  139.0293731689453
epoch:  75 train loss:  88.9990463256836 test loss:  141.36109924316406
epoch:  76 train loss:  82.66442108154297 test loss:  137.16757202148438
epoch:  77 train loss:  84.89885711669922 test loss:  137.66868591308594
epoch:  78 train loss:  81.16049194335938 test loss:  139.44097900390625
epoch:  79 train loss:  82.35891723632812 test loss:  143.20790100097656
epoch:  80 train loss:  82.04762268066406 test loss:  143.32566833496094
epoch:  81 train loss:  80.44476318359375 test loss:  138.59596252441406
epoch:  82 train loss:  82.45829772949219 test loss:  136.97984313964844
epoch:  83 train loss:  80.16200256347656 test loss:  137.4278106689453
epoch:  84 train loss:  78.77093505859375 test loss:  136.4352264404297
epoch:  85 train loss:  79.63160705566406 test loss:  136.18472290039062
epoch:  86 train loss:  80.97357940673828 test loss:  137.46267700195312
epoch:  87 train loss:  80.6769790649414 test loss:  141.75750732421875
epoch:  88 train loss:  79.10759735107422 test loss:  136.44085693359375
epoch:  89 train loss:  76.9371109008789 test loss:  137.4903564453125
epoch:  90 train loss:  82.1478042602539 test loss:  144.57472229003906
epoch:  91 train loss:  77.2916030883789 test loss:  143.06607055664062
epoch:  92 train loss:  84.60527801513672 test loss:  139.58291625976562
epoch:  93 train loss:  76.06471252441406 test loss:  138.23037719726562
epoch:  94 train loss:  81.26023864746094 test loss:  138.0536651611328
epoch:  95 train loss:  76.12487030029297 test loss:  139.9424591064453
epoch:  96 train loss:  74.72227478027344 test loss:  138.9373321533203
epoch:  97 train loss:  76.70323944091797 test loss:  141.03489685058594
epoch:  98 train loss:  76.07342529296875 test loss:  141.14476013183594
epoch:  99 train loss:  74.87899017333984 test loss:  139.89358520507812
epoch:  100 train loss:  77.66477966308594 test loss:  138.21328735351562
epoch:  101 train loss:  75.61312103271484 test loss:  137.8821258544922
epoch:  102 train loss:  75.04145050048828 test loss:  139.41709899902344
epoch:  103 train loss:  72.67658233642578 test loss:  139.33262634277344
epoch:  104 train loss:  74.31592559814453 test loss:  140.45799255371094
epoch:  105 train loss:  72.63448333740234 test loss:  137.39903259277344
epoch:  106 train loss:  80.16976165771484 test loss:  139.82489013671875
epoch:  107 train loss:  71.45581817626953 test loss:  137.472900390625
epoch:  108 train loss:  72.65709686279297 test loss:  139.69688415527344
epoch:  109 train loss:  70.57161712646484 test loss:  138.64051818847656
epoch:  110 train loss:  71.95764923095703 test loss:  138.25653076171875
epoch:  111 train loss:  76.65755462646484 test loss:  144.01429748535156
epoch:  112 train loss:  71.51599884033203 test loss:  139.65301513671875
epoch:  113 train loss:  74.02629852294922 test loss:  154.68435668945312
epoch:  114 train loss:  70.19002532958984 test loss:  139.39804077148438
epoch:  115 train loss:  72.68787384033203 test loss:  147.07467651367188
epoch:  116 train loss:  71.34255981445312 test loss:  148.7066192626953
epoch:  117 train loss:  71.40802001953125 test loss:  143.16921997070312
epoch:  118 train loss:  77.11164093017578 test loss:  143.64633178710938
epoch:  119 train loss:  72.61397552490234 test loss:  138.7960205078125
epoch:  120 train loss:  69.39794158935547 test loss:  148.05555725097656
epoch:  121 train loss:  68.95249938964844 test loss:  144.18995666503906
epoch:  122 train loss:  68.8829345703125 test loss:  138.665771484375
epoch:  123 train loss:  70.59838104248047 test loss:  148.54043579101562
epoch:  124 train loss:  66.98848724365234 test loss:  142.54937744140625
epoch:  125 train loss:  73.67282104492188 test loss:  151.24874877929688
epoch:  126 train loss:  69.22319030761719 test loss:  148.3623504638672
epoch:  127 train loss:  67.033447265625 test loss:  145.91114807128906
epoch:  128 train loss:  65.03739929199219 test loss:  143.14248657226562
epoch:  129 train loss:  68.02737426757812 test loss:  136.20387268066406
epoch:  130 train loss:  66.16902160644531 test loss:  140.93414306640625
epoch:  131 train loss:  66.76327514648438 test loss:  144.74679565429688
epoch:  132 train loss:  67.6574935913086 test loss:  147.05564880371094
epoch:  133 train loss:  65.75165557861328 test loss:  144.13568115234375
epoch:  134 train loss:  66.18578338623047 test loss:  146.30075073242188
epoch:  135 train loss:  67.71989440917969 test loss:  138.6133575439453
epoch:  136 train loss:  64.89944458007812 test loss:  149.67698669433594
epoch:  137 train loss:  68.25871276855469 test loss:  137.5087127685547
epoch:  138 train loss:  67.94065856933594 test loss:  153.4689483642578
epoch:  139 train loss:  66.339111328125 test loss:  150.6968231201172
epoch:  140 train loss:  65.42262268066406 test loss:  140.73353576660156
epoch:  141 train loss:  62.89057922363281 test loss:  144.20338439941406
epoch:  142 train loss:  65.6456527709961 test loss:  147.66734313964844
epoch:  143 train loss:  63.946929931640625 test loss:  147.46246337890625
epoch:  144 train loss:  62.751827239990234 test loss:  143.8617401123047
epoch:  145 train loss:  62.01689910888672 test loss:  146.14483642578125
epoch:  146 train loss:  61.850425720214844 test loss:  146.63034057617188
epoch:  147 train loss:  62.932395935058594 test loss:  139.90867614746094
epoch:  148 train loss:  62.56797790527344 test loss:  144.6109619140625
epoch:  149 train loss:  61.46733474731445 test loss:  147.61610412597656
Best loss: 136.18472290039062 Final loss: 147.61610412597656
Mean Diff: 6.251519008135521
Diff Std. Dev.:  10.41799585937773
[[ 8.47065 ]
 [ 5.070825]
 [25.218916]
 ...
 [ 5.108714]
 [14.312562]
 [16.82809 ]]
[5917 5150 5549 ... 1253 6426 1536]
