Latent_dim:30,Hidden_layers_in_phi:100,50,50,30,F:50,100,50,30,POCAS,MULTIlr__DECAYDIST__,eps:150batch_size:100lr:0.001lr_gamma:0.5,mass,energy,pz:hasTHETA_CHI2,err:noErrscal_inps
epoch:  0 train loss:  195.38075256347656 test loss:  189.61239624023438
epoch:  1 train loss:  124.4062271118164 test loss:  117.85152435302734
epoch:  2 train loss:  110.98810577392578 test loss:  103.55986785888672
epoch:  3 train loss:  107.40328979492188 test loss:  100.2884521484375
epoch:  4 train loss:  106.77310180664062 test loss:  99.83272552490234
epoch:  5 train loss:  101.68948364257812 test loss:  94.5596923828125
epoch:  6 train loss:  100.24967956542969 test loss:  93.26351928710938
epoch:  7 train loss:  100.03890991210938 test loss:  94.03544616699219
epoch:  8 train loss:  96.79578399658203 test loss:  90.89875030517578
epoch:  9 train loss:  94.89175415039062 test loss:  88.65577697753906
epoch:  10 train loss:  93.60987091064453 test loss:  87.66646575927734
epoch:  11 train loss:  93.5492935180664 test loss:  87.7261734008789
epoch:  12 train loss:  92.21456909179688 test loss:  86.6519546508789
epoch:  13 train loss:  89.08422088623047 test loss:  83.10327911376953
epoch:  14 train loss:  87.61857604980469 test loss:  82.23191833496094
epoch:  15 train loss:  85.61839294433594 test loss:  79.76824188232422
epoch:  16 train loss:  84.86851501464844 test loss:  79.62053680419922
epoch:  17 train loss:  82.74057006835938 test loss:  77.681640625
epoch:  18 train loss:  82.10103607177734 test loss:  77.30010223388672
epoch:  19 train loss:  81.87097930908203 test loss:  77.108154296875
epoch:  20 train loss:  81.16850280761719 test loss:  76.50633239746094
epoch:  21 train loss:  81.23094940185547 test loss:  76.40857696533203
epoch:  22 train loss:  81.14547729492188 test loss:  76.76045227050781
epoch:  23 train loss:  79.59637451171875 test loss:  75.48168182373047
epoch:  24 train loss:  79.38610076904297 test loss:  76.1927261352539
epoch:  25 train loss:  78.77181243896484 test loss:  75.40531921386719
epoch:  26 train loss:  79.01992797851562 test loss:  74.99618530273438
epoch:  27 train loss:  78.99286651611328 test loss:  75.54806518554688
epoch:  28 train loss:  77.529296875 test loss:  74.38285064697266
epoch:  29 train loss:  77.18712615966797 test loss:  74.30972290039062
epoch:  30 train loss:  77.46741485595703 test loss:  74.93820190429688
epoch:  31 train loss:  77.7918472290039 test loss:  74.82335662841797
epoch:  32 train loss:  80.25950622558594 test loss:  77.17080688476562
epoch:  33 train loss:  78.92091369628906 test loss:  75.55548858642578
epoch:  34 train loss:  75.701416015625 test loss:  73.20394897460938
epoch:  35 train loss:  76.24678802490234 test loss:  73.5010757446289
epoch:  36 train loss:  78.60470581054688 test loss:  75.26349639892578
epoch:  37 train loss:  77.17144775390625 test loss:  75.0052719116211
epoch:  38 train loss:  76.03987121582031 test loss:  73.35881042480469
epoch:  39 train loss:  74.65155792236328 test loss:  72.92717742919922
epoch:  40 train loss:  78.63060760498047 test loss:  77.01092529296875
epoch:  41 train loss:  75.28826904296875 test loss:  73.1712875366211
epoch:  42 train loss:  74.20519256591797 test loss:  72.65040588378906
epoch:  43 train loss:  75.02244567871094 test loss:  73.08934783935547
epoch:  44 train loss:  75.21739196777344 test loss:  74.55313110351562
epoch:  45 train loss:  74.88813018798828 test loss:  74.08475494384766
epoch:  46 train loss:  73.95574188232422 test loss:  72.57266998291016
epoch:  47 train loss:  74.83514404296875 test loss:  74.36206817626953
epoch:  48 train loss:  73.5467758178711 test loss:  72.43325805664062
epoch:  49 train loss:  74.30525207519531 test loss:  72.99493408203125
epoch:  50 train loss:  72.86266326904297 test loss:  71.58218383789062
epoch:  51 train loss:  72.14595031738281 test loss:  71.59938049316406
epoch:  52 train loss:  72.74244689941406 test loss:  72.04782104492188
epoch:  53 train loss:  71.8189697265625 test loss:  72.44015502929688
epoch:  54 train loss:  73.95997619628906 test loss:  74.65248107910156
epoch:  55 train loss:  72.39146423339844 test loss:  72.58367156982422
epoch:  56 train loss:  72.2276611328125 test loss:  72.5701675415039
epoch:  57 train loss:  71.53024291992188 test loss:  72.43205261230469
epoch:  58 train loss:  71.59297180175781 test loss:  71.93080139160156
epoch:  59 train loss:  70.99925231933594 test loss:  72.06097412109375
epoch:  60 train loss:  70.83885192871094 test loss:  71.5084228515625
epoch:  61 train loss:  72.82079315185547 test loss:  72.843017578125
epoch:  62 train loss:  70.64712524414062 test loss:  70.82870483398438
epoch:  63 train loss:  71.17610168457031 test loss:  71.36587524414062
epoch:  64 train loss:  70.1002197265625 test loss:  71.59072875976562
epoch:  65 train loss:  71.23200225830078 test loss:  71.59349060058594
epoch:  66 train loss:  71.0537109375 test loss:  72.35260772705078
epoch:  67 train loss:  68.86070251464844 test loss:  71.00621795654297
epoch:  68 train loss:  68.86164093017578 test loss:  70.63902282714844
epoch:  69 train loss:  70.07926940917969 test loss:  72.41587829589844
epoch:  70 train loss:  70.07173156738281 test loss:  72.04644775390625
epoch:  71 train loss:  71.39004516601562 test loss:  74.28350830078125
epoch:  72 train loss:  68.88070678710938 test loss:  70.93311309814453
epoch:  73 train loss:  72.57785034179688 test loss:  74.67769622802734
epoch:  74 train loss:  68.11248779296875 test loss:  70.88047790527344
epoch:  75 train loss:  67.98025512695312 test loss:  70.17674255371094
epoch:  76 train loss:  68.92639923095703 test loss:  71.15158081054688
epoch:  77 train loss:  67.30497741699219 test loss:  70.31761169433594
epoch:  78 train loss:  68.52700805664062 test loss:  71.73277282714844
epoch:  79 train loss:  67.61599731445312 test loss:  70.31310272216797
epoch:  80 train loss:  67.46965789794922 test loss:  70.73088073730469
epoch:  81 train loss:  66.68321990966797 test loss:  70.46100616455078
epoch:  82 train loss:  67.52426147460938 test loss:  69.9075698852539
epoch:  83 train loss:  67.4187240600586 test loss:  72.01744079589844
epoch:  84 train loss:  67.29083251953125 test loss:  72.69715881347656
epoch:  85 train loss:  65.33010864257812 test loss:  69.40908813476562
epoch:  86 train loss:  66.13214111328125 test loss:  70.2393798828125
epoch:  87 train loss:  66.8810806274414 test loss:  71.7706298828125
epoch:  88 train loss:  65.98118591308594 test loss:  70.33333587646484
epoch:  89 train loss:  65.9948501586914 test loss:  69.4236831665039
epoch:  90 train loss:  64.91675567626953 test loss:  69.74774932861328
epoch:  91 train loss:  65.13771057128906 test loss:  71.21878814697266
epoch:  92 train loss:  65.58906555175781 test loss:  68.4400634765625
epoch:  93 train loss:  68.16009521484375 test loss:  73.61309814453125
epoch:  94 train loss:  66.00172424316406 test loss:  71.79778289794922
epoch:  95 train loss:  67.78732299804688 test loss:  73.8249282836914
epoch:  96 train loss:  64.44499969482422 test loss:  69.5194091796875
epoch:  97 train loss:  64.81079864501953 test loss:  69.08631896972656
epoch:  98 train loss:  64.19873809814453 test loss:  70.23648834228516
epoch:  99 train loss:  64.55377960205078 test loss:  68.71720123291016
epoch:  100 train loss:  63.29350280761719 test loss:  70.2807388305664
epoch:  101 train loss:  62.96042251586914 test loss:  68.76595306396484
epoch:  102 train loss:  62.32242202758789 test loss:  69.45118713378906
epoch:  103 train loss:  67.34796905517578 test loss:  74.96112060546875
epoch:  104 train loss:  63.559783935546875 test loss:  70.06041717529297
epoch:  105 train loss:  62.62901306152344 test loss:  70.92987060546875
epoch:  106 train loss:  62.23924255371094 test loss:  68.18510437011719
epoch:  107 train loss:  61.60451889038086 test loss:  68.92670440673828
epoch:  108 train loss:  63.80172348022461 test loss:  70.99899291992188
epoch:  109 train loss:  63.14362716674805 test loss:  70.1583480834961
epoch:  110 train loss:  61.898033142089844 test loss:  71.09871673583984
epoch:  111 train loss:  62.36233901977539 test loss:  71.56803131103516
epoch:  112 train loss:  62.114017486572266 test loss:  69.93839263916016
epoch:  113 train loss:  59.95272445678711 test loss:  68.40088653564453
epoch:  114 train loss:  60.336822509765625 test loss:  68.71726989746094
epoch:  115 train loss:  60.54239273071289 test loss:  70.76795196533203
epoch:  116 train loss:  59.700103759765625 test loss:  70.29376983642578
epoch:  117 train loss:  59.213680267333984 test loss:  68.57357788085938
epoch:  118 train loss:  59.54400634765625 test loss:  67.73744201660156
epoch:  119 train loss:  59.74420166015625 test loss:  69.28865051269531
epoch:  120 train loss:  62.59587478637695 test loss:  73.2799072265625
epoch:  121 train loss:  57.98599624633789 test loss:  68.5695571899414
epoch:  122 train loss:  63.26780319213867 test loss:  74.39974212646484
epoch:  123 train loss:  57.980735778808594 test loss:  67.48412322998047
epoch:  124 train loss:  63.45700454711914 test loss:  69.85685729980469
epoch:  125 train loss:  60.97035598754883 test loss:  69.02792358398438
epoch:  126 train loss:  57.58888244628906 test loss:  68.70512390136719
epoch:  127 train loss:  57.178646087646484 test loss:  68.53510284423828
epoch:  128 train loss:  58.849273681640625 test loss:  69.4769515991211
epoch:  129 train loss:  57.1152229309082 test loss:  67.44886016845703
epoch:  130 train loss:  56.47353744506836 test loss:  70.29866790771484
epoch:  131 train loss:  56.347171783447266 test loss:  70.487060546875
epoch:  132 train loss:  57.876792907714844 test loss:  68.94390106201172
epoch:  133 train loss:  55.833038330078125 test loss:  70.21707916259766
epoch:  134 train loss:  55.350101470947266 test loss:  68.03108978271484
epoch:  135 train loss:  55.78425216674805 test loss:  65.93046569824219
epoch:  136 train loss:  55.031917572021484 test loss:  68.37327575683594
epoch:  137 train loss:  55.0023193359375 test loss:  67.85352325439453
epoch:  138 train loss:  57.492313385009766 test loss:  74.03166198730469
epoch:  139 train loss:  54.413448333740234 test loss:  69.31099700927734
epoch:  140 train loss:  56.846435546875 test loss:  73.19966125488281
epoch:  141 train loss:  54.667076110839844 test loss:  66.08636474609375
epoch:  142 train loss:  55.492889404296875 test loss:  68.4111328125
epoch:  143 train loss:  55.11642074584961 test loss:  71.30475616455078
epoch:  144 train loss:  53.478633880615234 test loss:  67.37226867675781
epoch:  145 train loss:  55.51072692871094 test loss:  69.80357360839844
epoch:  146 train loss:  52.48484420776367 test loss:  68.58486938476562
epoch:  147 train loss:  53.31932830810547 test loss:  68.72211456298828
epoch:  148 train loss:  53.23420333862305 test loss:  70.30690002441406
epoch:  149 train loss:  53.944026947021484 test loss:  73.00934600830078
Best loss: 65.93046569824219 Final loss: 73.00934600830078
Mean Diff: 4.064001077389357
Diff Std. Dev.:  7.516198806226906
[[10.986523  ]
 [ 9.27094   ]
 [ 4.2904305 ]
 ...
 [ 9.1345    ]
 [ 0.43443617]
 [ 3.0302184 ]]
[ 924 7887 9782 ...  744 7488 3489]
7944
diffs_above5 [224.77410889 162.76895142 163.60525513 ...   3.14751673   0.41005516
   0.67329073]
Mean Diffs above 5: 6.049427230672654
Diffs above 5 Std. Dev.:  9.235855089407085
Latent_dim:30,Hidden_layers_in_phi:100,50,50,30,F:50,100,50,30,POCAS,MULTIlr__DECAYDIST__,eps:150batch_size:100lr:0.001lr_gamma:0.5,mass,energy,pz:hasTHETA_CHI2_dlCut,err:noErrscal_inps
epoch:  0 train loss:  248.9730224609375 test loss:  282.79620361328125
epoch:  1 train loss:  233.25550842285156 test loss:  265.6642150878906
epoch:  2 train loss:  201.04412841796875 test loss:  232.3356170654297
epoch:  3 train loss:  162.4036865234375 test loss:  191.3522491455078
epoch:  4 train loss:  149.46055603027344 test loss:  179.15164184570312
epoch:  5 train loss:  142.87966918945312 test loss:  172.87022399902344
epoch:  6 train loss:  148.0766143798828 test loss:  177.1456298828125
epoch:  7 train loss:  135.7186279296875 test loss:  167.04672241210938
epoch:  8 train loss:  134.34463500976562 test loss:  166.7801513671875
epoch:  9 train loss:  138.3671875 test loss:  170.9215545654297
epoch:  10 train loss:  131.16090393066406 test loss:  163.86041259765625
epoch:  11 train loss:  130.744873046875 test loss:  163.30963134765625
epoch:  12 train loss:  129.46603393554688 test loss:  161.9398193359375
epoch:  13 train loss:  128.14515686035156 test loss:  161.382568359375
epoch:  14 train loss:  127.48771667480469 test loss:  160.85694885253906
epoch:  15 train loss:  126.93075561523438 test loss:  160.0919189453125
epoch:  16 train loss:  127.32019805908203 test loss:  159.9062042236328
epoch:  17 train loss:  125.11117553710938 test loss:  157.6473846435547
epoch:  18 train loss:  124.13734436035156 test loss:  157.36355590820312
epoch:  19 train loss:  122.1436767578125 test loss:  155.3924102783203
epoch:  20 train loss:  121.93045043945312 test loss:  155.5161590576172
epoch:  21 train loss:  121.19158935546875 test loss:  154.9018096923828
epoch:  22 train loss:  121.79627227783203 test loss:  156.08905029296875
epoch:  23 train loss:  121.28483581542969 test loss:  154.62791442871094
epoch:  24 train loss:  120.66441345214844 test loss:  154.32789611816406
epoch:  25 train loss:  118.18279266357422 test loss:  152.27682495117188
epoch:  26 train loss:  117.22952270507812 test loss:  152.27932739257812
epoch:  27 train loss:  118.9798355102539 test loss:  153.4132080078125
epoch:  28 train loss:  117.0521011352539 test loss:  152.01828002929688
epoch:  29 train loss:  116.71073913574219 test loss:  151.37954711914062
epoch:  30 train loss:  116.77245330810547 test loss:  152.27163696289062
epoch:  31 train loss:  113.90035247802734 test loss:  148.31539916992188
epoch:  32 train loss:  113.10710144042969 test loss:  146.9950714111328
epoch:  33 train loss:  112.78431701660156 test loss:  147.78314208984375
epoch:  34 train loss:  112.0164794921875 test loss:  147.24656677246094
epoch:  35 train loss:  111.99592590332031 test loss:  147.4989471435547
epoch:  36 train loss:  110.61018371582031 test loss:  145.73316955566406
epoch:  37 train loss:  112.44510650634766 test loss:  147.6374969482422
epoch:  38 train loss:  110.63551330566406 test loss:  146.12071228027344
epoch:  39 train loss:  109.49040985107422 test loss:  144.91937255859375
epoch:  40 train loss:  110.8619384765625 test loss:  146.28805541992188
epoch:  41 train loss:  108.57713317871094 test loss:  145.10618591308594
epoch:  42 train loss:  107.53319549560547 test loss:  143.53753662109375
epoch:  43 train loss:  110.90084838867188 test loss:  147.10763549804688
epoch:  44 train loss:  107.2732162475586 test loss:  143.65789794921875
epoch:  45 train loss:  106.87361907958984 test loss:  143.93499755859375
epoch:  46 train loss:  107.9241943359375 test loss:  143.36399841308594
epoch:  47 train loss:  107.05703735351562 test loss:  144.70953369140625
epoch:  48 train loss:  109.47920989990234 test loss:  145.84364318847656
epoch:  49 train loss:  105.4529037475586 test loss:  140.64593505859375
epoch:  50 train loss:  105.49568176269531 test loss:  143.03506469726562
epoch:  51 train loss:  106.78113555908203 test loss:  145.5213165283203
epoch:  52 train loss:  103.67365264892578 test loss:  140.4943084716797
epoch:  53 train loss:  110.61550903320312 test loss:  149.01161193847656
epoch:  54 train loss:  102.90116119384766 test loss:  140.8243408203125
epoch:  55 train loss:  105.00640106201172 test loss:  142.5826873779297
epoch:  56 train loss:  102.1400146484375 test loss:  140.3736114501953
epoch:  57 train loss:  103.80006408691406 test loss:  140.4997100830078
epoch:  58 train loss:  103.67977142333984 test loss:  140.6385040283203
epoch:  59 train loss:  103.60945892333984 test loss:  144.3843994140625
epoch:  60 train loss:  106.67669677734375 test loss:  144.24269104003906
epoch:  61 train loss:  101.21406555175781 test loss:  141.07022094726562
epoch:  62 train loss:  101.14179992675781 test loss:  138.32948303222656
epoch:  63 train loss:  106.89683532714844 test loss:  147.21273803710938
epoch:  64 train loss:  99.73084259033203 test loss:  139.16152954101562
epoch:  65 train loss:  100.31095886230469 test loss:  138.71636962890625
epoch:  66 train loss:  100.4699478149414 test loss:  141.7426300048828
epoch:  67 train loss:  100.41436004638672 test loss:  137.7394561767578
epoch:  68 train loss:  101.28731536865234 test loss:  141.2618408203125
epoch:  69 train loss:  98.61661529541016 test loss:  137.3412322998047
epoch:  70 train loss:  98.6414794921875 test loss:  136.75830078125
epoch:  71 train loss:  101.67611694335938 test loss:  138.200927734375
epoch:  72 train loss:  98.94446563720703 test loss:  136.90493774414062
epoch:  73 train loss:  100.186279296875 test loss:  138.82334899902344
epoch:  74 train loss:  97.91886901855469 test loss:  137.09486389160156
epoch:  75 train loss:  97.7293930053711 test loss:  136.7982635498047
epoch:  76 train loss:  99.05774688720703 test loss:  138.16073608398438
epoch:  77 train loss:  97.87281036376953 test loss:  136.5424346923828
epoch:  78 train loss:  96.37138366699219 test loss:  137.2458038330078
epoch:  79 train loss:  98.54118347167969 test loss:  140.2517852783203
epoch:  80 train loss:  97.5736312866211 test loss:  137.02191162109375
epoch:  81 train loss:  96.2181625366211 test loss:  137.19021606445312
epoch:  82 train loss:  97.10294342041016 test loss:  138.03065490722656
epoch:  83 train loss:  96.5243911743164 test loss:  137.9473876953125
epoch:  84 train loss:  96.82882690429688 test loss:  139.2584686279297
epoch:  85 train loss:  96.40038299560547 test loss:  140.15933227539062
epoch:  86 train loss:  95.79962921142578 test loss:  137.6041259765625
epoch:  87 train loss:  96.66291046142578 test loss:  138.5701446533203
epoch:  88 train loss:  96.29331970214844 test loss:  138.40524291992188
epoch:  89 train loss:  95.71508026123047 test loss:  136.35208129882812
epoch:  90 train loss:  94.77094268798828 test loss:  136.85308837890625
epoch:  91 train loss:  94.64690399169922 test loss:  136.53590393066406
epoch:  92 train loss:  95.00346374511719 test loss:  135.1038055419922
epoch:  93 train loss:  94.20042419433594 test loss:  136.96336364746094
epoch:  94 train loss:  95.12271118164062 test loss:  139.12838745117188
epoch:  95 train loss:  94.8457260131836 test loss:  137.27952575683594
epoch:  96 train loss:  94.33778381347656 test loss:  136.62828063964844
epoch:  97 train loss:  93.51708984375 test loss:  135.25277709960938
epoch:  98 train loss:  93.28266143798828 test loss:  135.43930053710938
epoch:  99 train loss:  92.35316467285156 test loss:  135.07333374023438
epoch:  100 train loss:  93.06112670898438 test loss:  136.2071533203125
epoch:  101 train loss:  92.67120361328125 test loss:  135.23629760742188
epoch:  102 train loss:  92.70695495605469 test loss:  136.9690399169922
epoch:  103 train loss:  92.38312530517578 test loss:  137.51187133789062
epoch:  104 train loss:  91.8442153930664 test loss:  136.55490112304688
epoch:  105 train loss:  91.86643981933594 test loss:  134.84500122070312
epoch:  106 train loss:  92.74491119384766 test loss:  136.69577026367188
epoch:  107 train loss:  92.31643676757812 test loss:  137.99102783203125
epoch:  108 train loss:  91.32389068603516 test loss:  136.6654052734375
epoch:  109 train loss:  90.99208068847656 test loss:  137.9241943359375
epoch:  110 train loss:  93.78787994384766 test loss:  135.99569702148438
epoch:  111 train loss:  95.76802062988281 test loss:  146.78826904296875
epoch:  112 train loss:  96.66236114501953 test loss:  138.60374450683594
epoch:  113 train loss:  91.66864776611328 test loss:  136.88720703125
epoch:  114 train loss:  93.41878509521484 test loss:  136.41139221191406
epoch:  115 train loss:  90.95970153808594 test loss:  138.10513305664062
epoch:  116 train loss:  90.46197509765625 test loss:  138.53515625
epoch:  117 train loss:  91.58857727050781 test loss:  138.19764709472656
epoch:  118 train loss:  89.15863800048828 test loss:  135.28392028808594
epoch:  119 train loss:  92.04178619384766 test loss:  140.80059814453125
epoch:  120 train loss:  88.63025665283203 test loss:  134.15748596191406
epoch:  121 train loss:  87.90502166748047 test loss:  134.55667114257812
epoch:  122 train loss:  87.80665588378906 test loss:  137.0081329345703
epoch:  123 train loss:  87.8991928100586 test loss:  135.2841033935547
epoch:  124 train loss:  87.30293273925781 test loss:  134.62184143066406
epoch:  125 train loss:  87.56852722167969 test loss:  135.76608276367188
epoch:  126 train loss:  87.14383697509766 test loss:  135.59239196777344
epoch:  127 train loss:  89.7265625 test loss:  137.09423828125
epoch:  128 train loss:  92.92814636230469 test loss:  137.23492431640625
epoch:  129 train loss:  88.24028015136719 test loss:  136.24501037597656
epoch:  130 train loss:  86.72835540771484 test loss:  136.54144287109375
epoch:  131 train loss:  86.94081115722656 test loss:  137.3982391357422
epoch:  132 train loss:  87.04285430908203 test loss:  136.12701416015625
epoch:  133 train loss:  86.14681243896484 test loss:  134.9639129638672
epoch:  134 train loss:  87.09733581542969 test loss:  133.28085327148438
epoch:  135 train loss:  85.81851959228516 test loss:  134.3729705810547
epoch:  136 train loss:  86.13190460205078 test loss:  134.31654357910156
epoch:  137 train loss:  86.13175201416016 test loss:  134.53958129882812
epoch:  138 train loss:  90.33895874023438 test loss:  138.2699432373047
epoch:  139 train loss:  86.26998138427734 test loss:  134.1530303955078
epoch:  140 train loss:  85.28262329101562 test loss:  136.0558624267578
epoch:  141 train loss:  84.84000396728516 test loss:  133.99221801757812
epoch:  142 train loss:  90.14996337890625 test loss:  144.9213104248047
epoch:  143 train loss:  85.53620910644531 test loss:  137.95272827148438
epoch:  144 train loss:  84.95639038085938 test loss:  134.39845275878906
epoch:  145 train loss:  84.54934692382812 test loss:  134.51365661621094
epoch:  146 train loss:  84.36473846435547 test loss:  135.74363708496094
epoch:  147 train loss:  85.55847930908203 test loss:  139.0311737060547
epoch:  148 train loss:  83.34577178955078 test loss:  136.97442626953125
epoch:  149 train loss:  85.2253646850586 test loss:  139.17124938964844
Best loss: 133.28085327148438 Final loss: 139.17124938964844
Mean Diff: 6.052652574307808
Diff Std. Dev.:  10.126037134089652
[[ 8.47065 ]
 [ 5.070825]
 [25.218916]
 ...
 [ 5.108714]
 [14.312562]
 [16.82809 ]]
[5917 5150 5549 ... 1253 6426 1536]
