Latent_dim:30,Hidden_layers_in_phi:3*100,F:3*100,POCAS,MULTIlr,eps:150batch_size:100lr:0.001lr_gamma:0.5,mass,energy,pz:hasTHETA_CHI2,err:noErrscal_inps
epoch:  0 train loss:  227.6947021484375 test loss:  222.99327087402344
epoch:  1 train loss:  190.4315185546875 test loss:  185.2900848388672
epoch:  2 train loss:  177.89308166503906 test loss:  172.65089416503906
epoch:  3 train loss:  173.75119018554688 test loss:  169.90814208984375
epoch:  4 train loss:  167.1467742919922 test loss:  164.17359924316406
epoch:  5 train loss:  165.04757690429688 test loss:  162.1724090576172
epoch:  6 train loss:  163.9093475341797 test loss:  161.48194885253906
epoch:  7 train loss:  164.52703857421875 test loss:  162.54359436035156
epoch:  8 train loss:  172.40667724609375 test loss:  170.76724243164062
epoch:  9 train loss:  152.25143432617188 test loss:  149.32989501953125
epoch:  10 train loss:  143.0900115966797 test loss:  141.54446411132812
epoch:  11 train loss:  140.60556030273438 test loss:  137.4054412841797
epoch:  12 train loss:  125.14217376708984 test loss:  123.11078643798828
epoch:  13 train loss:  123.33614349365234 test loss:  121.4284439086914
epoch:  14 train loss:  116.76652526855469 test loss:  115.23746490478516
epoch:  15 train loss:  116.45329284667969 test loss:  114.83573150634766
epoch:  16 train loss:  115.24808502197266 test loss:  113.52596282958984
epoch:  17 train loss:  115.57730102539062 test loss:  114.37100219726562
epoch:  18 train loss:  109.7257308959961 test loss:  108.62796783447266
epoch:  19 train loss:  108.94007873535156 test loss:  107.74983215332031
epoch:  20 train loss:  106.44857025146484 test loss:  106.22081756591797
epoch:  21 train loss:  109.53710174560547 test loss:  109.75907135009766
epoch:  22 train loss:  106.13705444335938 test loss:  106.01477813720703
epoch:  23 train loss:  110.7071533203125 test loss:  110.4151382446289
epoch:  24 train loss:  102.30891418457031 test loss:  102.24934387207031
epoch:  25 train loss:  101.90026092529297 test loss:  102.30968475341797
epoch:  26 train loss:  100.44088745117188 test loss:  100.41446685791016
epoch:  27 train loss:  99.20555877685547 test loss:  100.43954467773438
epoch:  28 train loss:  98.85688018798828 test loss:  99.66152954101562
epoch:  29 train loss:  95.5236587524414 test loss:  96.6887435913086
epoch:  30 train loss:  98.00567626953125 test loss:  99.35746002197266
epoch:  31 train loss:  94.24913024902344 test loss:  95.8281478881836
epoch:  32 train loss:  94.9286880493164 test loss:  96.55706787109375
epoch:  33 train loss:  92.46583557128906 test loss:  94.47864532470703
epoch:  34 train loss:  91.69796752929688 test loss:  94.30342102050781
epoch:  35 train loss:  95.845947265625 test loss:  97.23011779785156
epoch:  36 train loss:  92.52149200439453 test loss:  95.15497589111328
epoch:  37 train loss:  90.86522674560547 test loss:  93.3909912109375
epoch:  38 train loss:  90.14472961425781 test loss:  92.81920623779297
epoch:  39 train loss:  89.7648696899414 test loss:  92.14408111572266
epoch:  40 train loss:  92.64178466796875 test loss:  95.72843933105469
epoch:  41 train loss:  88.13542175292969 test loss:  92.28922271728516
epoch:  42 train loss:  91.2411880493164 test loss:  94.44845581054688
epoch:  43 train loss:  89.79200744628906 test loss:  92.88611602783203
epoch:  44 train loss:  87.71968841552734 test loss:  91.63969421386719
epoch:  45 train loss:  89.5397720336914 test loss:  93.93785095214844
epoch:  46 train loss:  86.61908721923828 test loss:  91.41943359375
epoch:  47 train loss:  87.73397827148438 test loss:  93.29495239257812
epoch:  48 train loss:  91.69557189941406 test loss:  97.48432922363281
epoch:  49 train loss:  86.70719146728516 test loss:  92.58277893066406
epoch:  50 train loss:  84.36302185058594 test loss:  90.19196319580078
epoch:  51 train loss:  85.94780731201172 test loss:  92.07585144042969
epoch:  52 train loss:  86.64315032958984 test loss:  92.7685317993164
epoch:  53 train loss:  89.08243560791016 test loss:  94.22323608398438
epoch:  54 train loss:  85.62679290771484 test loss:  93.38209533691406
epoch:  55 train loss:  84.5481185913086 test loss:  90.90484619140625
epoch:  56 train loss:  89.7330093383789 test loss:  98.08255004882812
epoch:  57 train loss:  86.7020263671875 test loss:  95.42755126953125
epoch:  58 train loss:  83.77238464355469 test loss:  91.24777221679688
epoch:  59 train loss:  83.95611572265625 test loss:  91.6360092163086
epoch:  60 train loss:  80.96846008300781 test loss:  89.59546661376953
epoch:  61 train loss:  84.16767120361328 test loss:  93.70507049560547
epoch:  62 train loss:  80.46533966064453 test loss:  89.59513092041016
epoch:  63 train loss:  80.92987823486328 test loss:  91.24282836914062
epoch:  64 train loss:  82.13247680664062 test loss:  92.06001281738281
epoch:  65 train loss:  79.53802490234375 test loss:  88.62298583984375
epoch:  66 train loss:  86.5167007446289 test loss:  96.67684173583984
epoch:  67 train loss:  81.98983764648438 test loss:  91.6437759399414
epoch:  68 train loss:  82.35319519042969 test loss:  93.2177505493164
epoch:  69 train loss:  81.90949249267578 test loss:  92.7220687866211
epoch:  70 train loss:  78.46965789794922 test loss:  90.28234100341797
epoch:  71 train loss:  80.21747589111328 test loss:  90.66783142089844
epoch:  72 train loss:  80.39861297607422 test loss:  92.58094024658203
epoch:  73 train loss:  82.48365020751953 test loss:  96.92253875732422
epoch:  74 train loss:  76.8189468383789 test loss:  89.3730697631836
epoch:  75 train loss:  75.20382690429688 test loss:  86.94121551513672
epoch:  76 train loss:  77.14226531982422 test loss:  89.32384490966797
epoch:  77 train loss:  77.93592834472656 test loss:  88.65737915039062
epoch:  78 train loss:  75.89098358154297 test loss:  87.20645141601562
epoch:  79 train loss:  75.39063262939453 test loss:  88.73709869384766
epoch:  80 train loss:  85.84764862060547 test loss:  99.58875274658203
epoch:  81 train loss:  73.07366180419922 test loss:  87.42072296142578
epoch:  82 train loss:  73.17918395996094 test loss:  87.63618469238281
epoch:  83 train loss:  75.851318359375 test loss:  88.38306427001953
epoch:  84 train loss:  72.5794677734375 test loss:  86.26513671875
epoch:  85 train loss:  73.7228775024414 test loss:  89.08106231689453
epoch:  86 train loss:  70.91905975341797 test loss:  84.18810272216797
epoch:  87 train loss:  71.48507690429688 test loss:  85.68988037109375
epoch:  88 train loss:  71.87188720703125 test loss:  86.45336151123047
epoch:  89 train loss:  70.13785552978516 test loss:  85.16146087646484
epoch:  90 train loss:  77.83777618408203 test loss:  91.54959869384766
epoch:  91 train loss:  70.56017303466797 test loss:  86.0677719116211
epoch:  92 train loss:  70.3978042602539 test loss:  87.22172546386719
epoch:  93 train loss:  70.76873016357422 test loss:  86.82334899902344
epoch:  94 train loss:  70.95245361328125 test loss:  87.15410614013672
epoch:  95 train loss:  68.9286117553711 test loss:  86.30050659179688
epoch:  96 train loss:  75.76443481445312 test loss:  89.15634155273438
epoch:  97 train loss:  73.51385498046875 test loss:  91.27965545654297
epoch:  98 train loss:  68.91127014160156 test loss:  84.67474365234375
epoch:  99 train loss:  72.88001251220703 test loss:  90.207763671875
epoch:  100 train loss:  68.93787384033203 test loss:  86.67640686035156
epoch:  101 train loss:  69.62918853759766 test loss:  88.49718475341797
epoch:  102 train loss:  69.69744110107422 test loss:  86.30120849609375
epoch:  103 train loss:  67.63127136230469 test loss:  86.00035095214844
epoch:  104 train loss:  70.14004516601562 test loss:  87.30462646484375
epoch:  105 train loss:  66.86466217041016 test loss:  83.89430236816406
epoch:  106 train loss:  65.5401840209961 test loss:  84.9169692993164
epoch:  107 train loss:  66.51863098144531 test loss:  85.4984359741211
epoch:  108 train loss:  67.76031494140625 test loss:  87.77609252929688
epoch:  109 train loss:  67.57475280761719 test loss:  85.35761260986328
epoch:  110 train loss:  66.47815704345703 test loss:  83.60684204101562
epoch:  111 train loss:  64.45499420166016 test loss:  83.71965026855469
epoch:  112 train loss:  69.33319091796875 test loss:  85.31671142578125
epoch:  113 train loss:  67.79468536376953 test loss:  87.73639678955078
epoch:  114 train loss:  66.37183380126953 test loss:  84.60862731933594
epoch:  115 train loss:  70.04631042480469 test loss:  89.29277801513672
epoch:  116 train loss:  63.95824432373047 test loss:  83.44915008544922
epoch:  117 train loss:  67.74097442626953 test loss:  87.16364288330078
epoch:  118 train loss:  64.6248779296875 test loss:  82.96754455566406
epoch:  119 train loss:  64.94784545898438 test loss:  84.20405578613281
epoch:  120 train loss:  64.90403747558594 test loss:  83.48667907714844
epoch:  121 train loss:  69.33551025390625 test loss:  90.52143096923828
epoch:  122 train loss:  66.4487075805664 test loss:  85.45816040039062
epoch:  123 train loss:  64.27017974853516 test loss:  82.71197509765625
epoch:  124 train loss:  63.78605270385742 test loss:  81.71755981445312
epoch:  125 train loss:  65.23380279541016 test loss:  83.96401977539062
epoch:  126 train loss:  64.4679946899414 test loss:  84.88196563720703
epoch:  127 train loss:  64.72886657714844 test loss:  84.60072326660156
epoch:  128 train loss:  65.13063049316406 test loss:  86.46440124511719
epoch:  129 train loss:  63.32245635986328 test loss:  82.3079833984375
epoch:  130 train loss:  63.060264587402344 test loss:  84.33677673339844
epoch:  131 train loss:  61.86701583862305 test loss:  81.49932098388672
epoch:  132 train loss:  70.50911712646484 test loss:  92.6761703491211
epoch:  133 train loss:  62.22268295288086 test loss:  84.65303039550781
epoch:  134 train loss:  60.38846206665039 test loss:  82.2276611328125
epoch:  135 train loss:  66.24411010742188 test loss:  87.83311462402344
epoch:  136 train loss:  59.35813522338867 test loss:  82.17086029052734
epoch:  137 train loss:  60.0272102355957 test loss:  81.36434173583984
epoch:  138 train loss:  60.14594268798828 test loss:  82.5348129272461
epoch:  139 train loss:  60.30278396606445 test loss:  83.1418228149414
epoch:  140 train loss:  62.926918029785156 test loss:  85.23497772216797
epoch:  141 train loss:  59.76890182495117 test loss:  83.11636352539062
epoch:  142 train loss:  60.3037223815918 test loss:  82.00577545166016
epoch:  143 train loss:  59.07467269897461 test loss:  81.853759765625
epoch:  144 train loss:  59.153656005859375 test loss:  80.90250396728516
epoch:  145 train loss:  58.04491424560547 test loss:  80.39070892333984
epoch:  146 train loss:  62.9062614440918 test loss:  87.69612121582031
epoch:  147 train loss:  59.6347770690918 test loss:  80.66275787353516
epoch:  148 train loss:  66.3979721069336 test loss:  88.90815734863281
epoch:  149 train loss:  58.47039031982422 test loss:  83.00633239746094
Best loss: 80.39070892333984 Final loss: 83.00633239746094
Mean Distance: 4.601547300168606
Dist Std. Dev.:  7.863619484420974
y_test tensor([[ -4.1664,   1.7104,  -7.9322],
        [ -3.0430,  -5.8837, -16.2167],
        [  3.2423,  -0.5350,  -6.0964],
        ...,
        [  7.9517,   4.8233,  -1.2514],
        [ -0.3059,   0.3028,  -4.4350],
        [ -0.6909,   3.0820,   0.2246]])
y_test x,y:  tensor([[-4.1664,  1.7104],
        [-3.0430, -5.8837],
        [ 3.2423, -0.5350],
        ...,
        [ 7.9517,  4.8233],
        [-0.3059,  0.3028],
        [-0.6909,  3.0820]])
y_pred_test:  tensor([[ -4.0243,   1.1809,  -6.9719],
        [ -1.4067,  -3.4677, -13.1941],
        [  1.8220,  -0.1672,  -5.9933],
        ...,
        [  8.7558,   5.1514,  -2.5717],
        [ -0.4593,   0.3149,  -4.3089],
        [ -0.2880,   2.9277,   0.5050]])
2D dists:  [0.54819256 2.91800284 1.46709907 ... 0.86849934 0.15384018 0.43142486]
Mean 2D Distance: 2.4751280959397564
2D-Dist Std. Dev.:  3.8355549333336842
y_test tensor([[ -4.1664,   1.7104,  -7.9322],
        [ -3.0430,  -5.8837, -16.2167],
        [  3.2423,  -0.5350,  -6.0964],
        ...,
        [  7.9517,   4.8233,  -1.2514],
        [ -0.3059,   0.3028,  -4.4350],
        [ -0.6909,   3.0820,   0.2246]])
y_test z:  tensor([ -7.9322, -16.2167,  -6.0964,  ...,  -1.2514,  -4.4350,   0.2246])
y_pred_test:  tensor([[ -4.0243,   1.1809,  -6.9719],
        [ -1.4067,  -3.4677, -13.1941],
        [  1.8220,  -0.1672,  -5.9933],
        ...,
        [  8.7558,   5.1514,  -2.5717],
        [ -0.4593,   0.3149,  -4.3089],
        [ -0.2880,   2.9277,   0.5050]])
Z dists:  [ 0.96036911  3.02267265  0.10302782 ... -1.32026994  0.1261425
  0.28045541]
Mean Abs Z Distance: 3.4627937598912646
Abs. Z-Dist Std. Dev.:  7.083945678557322
Mean Z Dist:  -0.7113097984620285
Z-Dist Std. Dev.:  7.852902874999744
af_ord:  (7944,) [  924  7887  9782 ...  6221 11126 12143]
dists_above5: [289.29879761 242.86524963 156.54336548 ...   2.77893114   2.25387502
   1.26543379]
mean dists (above 5): 6.56268696516681
std dev dists (above 5): 9.741113254794763
Latent_dim:30,Hidden_layers_in_phi:3*100,F:3*100,POCAS,MULTIlr,eps:150batch_size:100lr:0.001lr_gamma:0.5,mass,energy,pz:hasTHETA_CHI2_dlCut,err:noErrscal_inps
epoch:  0 train loss:  366.5658874511719 test loss:  406.0686950683594
epoch:  1 train loss:  291.3424072265625 test loss:  328.8178405761719
epoch:  2 train loss:  237.4834747314453 test loss:  274.2148742675781
epoch:  3 train loss:  211.56117248535156 test loss:  247.81309509277344
epoch:  4 train loss:  201.42242431640625 test loss:  237.89328002929688
epoch:  5 train loss:  190.3780059814453 test loss:  228.1460418701172
epoch:  6 train loss:  185.5795135498047 test loss:  222.31495666503906
epoch:  7 train loss:  187.453125 test loss:  225.96560668945312
epoch:  8 train loss:  183.20199584960938 test loss:  221.55422973632812
epoch:  9 train loss:  173.04254150390625 test loss:  211.70591735839844
epoch:  10 train loss:  179.42926025390625 test loss:  219.5698699951172
epoch:  11 train loss:  167.38992309570312 test loss:  206.93963623046875
epoch:  12 train loss:  168.45962524414062 test loss:  209.49256896972656
epoch:  13 train loss:  170.5350799560547 test loss:  213.04331970214844
epoch:  14 train loss:  163.8946990966797 test loss:  205.42813110351562
epoch:  15 train loss:  176.74888610839844 test loss:  219.52352905273438
epoch:  16 train loss:  161.05355834960938 test loss:  204.48060607910156
epoch:  17 train loss:  157.2329559326172 test loss:  198.49749755859375
epoch:  18 train loss:  165.4744415283203 test loss:  203.11453247070312
epoch:  19 train loss:  155.25177001953125 test loss:  197.66673278808594
epoch:  20 train loss:  156.6956024169922 test loss:  198.63632202148438
epoch:  21 train loss:  166.6772918701172 test loss:  212.79794311523438
epoch:  22 train loss:  159.29933166503906 test loss:  201.3020477294922
epoch:  23 train loss:  150.2901611328125 test loss:  192.48240661621094
epoch:  24 train loss:  151.85348510742188 test loss:  192.72976684570312
epoch:  25 train loss:  148.82643127441406 test loss:  191.5190887451172
epoch:  26 train loss:  150.32151794433594 test loss:  193.1793670654297
epoch:  27 train loss:  149.46861267089844 test loss:  195.31639099121094
epoch:  28 train loss:  149.5972442626953 test loss:  191.79493713378906
epoch:  29 train loss:  145.1889190673828 test loss:  188.38375854492188
epoch:  30 train loss:  143.79811096191406 test loss:  186.92294311523438
epoch:  31 train loss:  144.89791870117188 test loss:  188.87181091308594
epoch:  32 train loss:  143.04994201660156 test loss:  185.0780792236328
epoch:  33 train loss:  143.49647521972656 test loss:  187.75656127929688
epoch:  34 train loss:  142.94000244140625 test loss:  185.66346740722656
epoch:  35 train loss:  141.70567321777344 test loss:  186.09881591796875
epoch:  36 train loss:  140.27420043945312 test loss:  185.2713165283203
epoch:  37 train loss:  142.3479461669922 test loss:  185.24603271484375
epoch:  38 train loss:  141.99212646484375 test loss:  184.02828979492188
epoch:  39 train loss:  143.9088134765625 test loss:  186.76406860351562
epoch:  40 train loss:  136.04391479492188 test loss:  180.08616638183594
epoch:  41 train loss:  134.82516479492188 test loss:  179.54835510253906
epoch:  42 train loss:  142.02244567871094 test loss:  185.56967163085938
epoch:  43 train loss:  138.3818817138672 test loss:  185.3539581298828
epoch:  44 train loss:  134.1617889404297 test loss:  180.08302307128906
epoch:  45 train loss:  134.91415405273438 test loss:  178.03326416015625
epoch:  46 train loss:  144.39572143554688 test loss:  187.1066131591797
epoch:  47 train loss:  131.02731323242188 test loss:  174.28318786621094
epoch:  48 train loss:  130.75999450683594 test loss:  174.9338836669922
epoch:  49 train loss:  132.06234741210938 test loss:  178.24082946777344
epoch:  50 train loss:  129.99366760253906 test loss:  173.5712432861328
epoch:  51 train loss:  134.7998046875 test loss:  181.49462890625
epoch:  52 train loss:  133.0550994873047 test loss:  179.14552307128906
epoch:  53 train loss:  129.02603149414062 test loss:  174.91690063476562
epoch:  54 train loss:  127.5378646850586 test loss:  173.55111694335938
epoch:  55 train loss:  132.14895629882812 test loss:  179.31382751464844
epoch:  56 train loss:  127.42473602294922 test loss:  170.95266723632812
epoch:  57 train loss:  128.65953063964844 test loss:  173.11085510253906
epoch:  58 train loss:  138.07200622558594 test loss:  185.27333068847656
epoch:  59 train loss:  128.6782684326172 test loss:  175.09088134765625
epoch:  60 train loss:  126.48408508300781 test loss:  171.3100128173828
epoch:  61 train loss:  127.85336303710938 test loss:  171.673095703125
epoch:  62 train loss:  122.694580078125 test loss:  168.92660522460938
epoch:  63 train loss:  126.20100402832031 test loss:  172.11383056640625
epoch:  64 train loss:  123.166015625 test loss:  170.07249450683594
epoch:  65 train loss:  121.89231872558594 test loss:  169.0150146484375
epoch:  66 train loss:  123.30148315429688 test loss:  171.45645141601562
epoch:  67 train loss:  121.61507415771484 test loss:  168.70208740234375
epoch:  68 train loss:  122.8490982055664 test loss:  171.68600463867188
epoch:  69 train loss:  121.91339874267578 test loss:  170.61976623535156
epoch:  70 train loss:  122.03053283691406 test loss:  169.48318481445312
epoch:  71 train loss:  122.97625732421875 test loss:  169.67137145996094
epoch:  72 train loss:  121.29203796386719 test loss:  168.05116271972656
epoch:  73 train loss:  117.93412017822266 test loss:  166.03469848632812
epoch:  74 train loss:  122.83992767333984 test loss:  174.8759002685547
epoch:  75 train loss:  117.7607192993164 test loss:  165.02023315429688
epoch:  76 train loss:  118.44612884521484 test loss:  164.32545471191406
epoch:  77 train loss:  120.1297378540039 test loss:  169.27296447753906
epoch:  78 train loss:  131.48866271972656 test loss:  181.5686492919922
epoch:  79 train loss:  115.89568328857422 test loss:  163.86834716796875
epoch:  80 train loss:  117.88274383544922 test loss:  168.1990966796875
epoch:  81 train loss:  116.86396789550781 test loss:  165.39552307128906
epoch:  82 train loss:  116.45452117919922 test loss:  167.50729370117188
epoch:  83 train loss:  115.85775756835938 test loss:  165.7345733642578
epoch:  84 train loss:  114.50565338134766 test loss:  165.35350036621094
epoch:  85 train loss:  114.36174774169922 test loss:  162.79042053222656
epoch:  86 train loss:  114.04157257080078 test loss:  166.05628967285156
epoch:  87 train loss:  116.01081848144531 test loss:  169.31768798828125
epoch:  88 train loss:  114.49707794189453 test loss:  165.03221130371094
epoch:  89 train loss:  120.99931335449219 test loss:  169.37335205078125
epoch:  90 train loss:  120.3746337890625 test loss:  171.2752685546875
epoch:  91 train loss:  115.18228149414062 test loss:  166.39227294921875
epoch:  92 train loss:  117.82186889648438 test loss:  169.72438049316406
epoch:  93 train loss:  113.3267593383789 test loss:  164.81808471679688
epoch:  94 train loss:  116.05377197265625 test loss:  167.9737548828125
epoch:  95 train loss:  115.6712875366211 test loss:  167.20620727539062
epoch:  96 train loss:  115.3140640258789 test loss:  164.31163024902344
epoch:  97 train loss:  112.31448364257812 test loss:  163.05386352539062
epoch:  98 train loss:  112.5512924194336 test loss:  162.97279357910156
epoch:  99 train loss:  112.7603530883789 test loss:  165.07144165039062
epoch:  100 train loss:  111.03359985351562 test loss:  162.23822021484375
epoch:  101 train loss:  113.43081665039062 test loss:  168.3022918701172
epoch:  102 train loss:  112.0150375366211 test loss:  162.8985595703125
epoch:  103 train loss:  111.85987091064453 test loss:  164.97030639648438
epoch:  104 train loss:  118.30548095703125 test loss:  170.77621459960938
epoch:  105 train loss:  109.72183227539062 test loss:  161.86660766601562
epoch:  106 train loss:  110.09550476074219 test loss:  163.1377410888672
epoch:  107 train loss:  118.05078125 test loss:  165.90252685546875
epoch:  108 train loss:  111.68694305419922 test loss:  167.7197265625
epoch:  109 train loss:  107.93573760986328 test loss:  159.7604522705078
epoch:  110 train loss:  110.55865478515625 test loss:  166.1564483642578
epoch:  111 train loss:  111.43494415283203 test loss:  167.1197052001953
epoch:  112 train loss:  108.65804290771484 test loss:  163.50955200195312
epoch:  113 train loss:  111.26299285888672 test loss:  166.57376098632812
epoch:  114 train loss:  108.00155639648438 test loss:  163.3482208251953
epoch:  115 train loss:  108.79230499267578 test loss:  165.78457641601562
epoch:  116 train loss:  107.84642028808594 test loss:  159.1114959716797
epoch:  117 train loss:  113.21610260009766 test loss:  170.06149291992188
epoch:  118 train loss:  108.99246978759766 test loss:  166.08804321289062
epoch:  119 train loss:  108.24736785888672 test loss:  162.37811279296875
epoch:  120 train loss:  107.22411346435547 test loss:  162.7913360595703
epoch:  121 train loss:  107.5110092163086 test loss:  163.75148010253906
epoch:  122 train loss:  106.08750915527344 test loss:  161.48553466796875
epoch:  123 train loss:  110.34597778320312 test loss:  166.31385803222656
epoch:  124 train loss:  115.84561920166016 test loss:  174.03262329101562
epoch:  125 train loss:  106.13143920898438 test loss:  160.49073791503906
epoch:  126 train loss:  112.89010620117188 test loss:  165.7293243408203
epoch:  127 train loss:  106.02948760986328 test loss:  160.724853515625
epoch:  128 train loss:  105.99002838134766 test loss:  162.34861755371094
epoch:  129 train loss:  104.64811706542969 test loss:  159.44302368164062
epoch:  130 train loss:  108.92591857910156 test loss:  164.5961151123047
epoch:  131 train loss:  106.00289154052734 test loss:  160.979248046875
epoch:  132 train loss:  108.427001953125 test loss:  169.36129760742188
epoch:  133 train loss:  107.11226654052734 test loss:  160.01600646972656
epoch:  134 train loss:  103.45353698730469 test loss:  161.02928161621094
epoch:  135 train loss:  103.92713165283203 test loss:  163.02635192871094
epoch:  136 train loss:  106.93579864501953 test loss:  166.1363067626953
epoch:  137 train loss:  103.60078430175781 test loss:  161.96177673339844
epoch:  138 train loss:  102.90111541748047 test loss:  163.2478790283203
epoch:  139 train loss:  106.33805084228516 test loss:  166.624755859375
epoch:  140 train loss:  104.15205383300781 test loss:  161.11997985839844
epoch:  141 train loss:  109.22393035888672 test loss:  174.68434143066406
epoch:  142 train loss:  107.05329895019531 test loss:  162.6671142578125
epoch:  143 train loss:  109.63011932373047 test loss:  167.94398498535156
epoch:  144 train loss:  101.72604370117188 test loss:  162.01473999023438
epoch:  145 train loss:  103.65383911132812 test loss:  164.02674865722656
epoch:  146 train loss:  105.02572631835938 test loss:  163.71392822265625
epoch:  147 train loss:  104.82380676269531 test loss:  160.9984893798828
epoch:  148 train loss:  103.777099609375 test loss:  163.96705627441406
epoch:  149 train loss:  106.03014373779297 test loss:  160.6377716064453
Best loss: 159.1114959716797 Final loss: 160.6377716064453
Mean Distance: 6.783561579288582
Dist Std. Dev.:  10.706801487441151
y_test tensor([[ -6.7323,   4.8066,  -1.8376],
        [  0.5091,   1.8155,  -4.3017],
        [  6.7243,   5.4779,  23.0920],
        ...,
        [ -0.8095,   3.0178,   3.9168],
        [  2.1456,   5.0071,  11.6526],
        [ -6.2434,   6.8143, -14.6129]])
y_test x,y:  tensor([[-6.7323,  4.8066],
        [ 0.5091,  1.8155],
        [ 6.7243,  5.4779],
        ...,
        [-0.8095,  3.0178],
        [ 2.1456,  5.0071],
        [-6.2434,  6.8143]])
y_pred_test:  tensor([[ -7.4307,   4.2526,  -2.1113],
        [  0.1658,   2.9293, -12.3499],
        [  4.9954,   3.3962,  18.5963],
        ...,
        [ -1.9728,   4.1444,   6.9817],
        [  1.6894,   3.6805,   6.7767],
        [ -9.7209,   7.2979, -23.1387]])
2D dists:  [0.89146101 1.1654501  2.70608068 ... 1.6193831  1.40283453 3.51090336]
Mean 2D Distance: 3.6089787039877925
2D-Dist Std. Dev.:  4.9875261366130035
y_test tensor([[ -6.7323,   4.8066,  -1.8376],
        [  0.5091,   1.8155,  -4.3017],
        [  6.7243,   5.4779,  23.0920],
        ...,
        [ -0.8095,   3.0178,   3.9168],
        [  2.1456,   5.0071,  11.6526],
        [ -6.2434,   6.8143, -14.6129]])
y_test z:  tensor([ -1.8376,  -4.3017,  23.0920,  ...,   3.9168,  11.6526, -14.6129])
y_pred_test:  tensor([[ -7.4307,   4.2526,  -2.1113],
        [  0.1658,   2.9293, -12.3499],
        [  4.9954,   3.3962,  18.5963],
        ...,
        [ -1.9728,   4.1444,   6.9817],
        [  1.6894,   3.6805,   6.7767],
        [ -9.7209,   7.2979, -23.1387]])
Z dists:  [-0.27367043 -8.04815865 -4.4956646  ...  3.06485391 -4.87584686
 -8.52577782]
Mean Abs Z Distance: 5.155518396165506
Abs. Z-Dist Std. Dev.:  9.806814162388514
Mean Z Dist:  -0.6816366180108896
Z-Dist Std. Dev.:  11.058555790074335
