Latent_dim:30,Hidden_layers_in_phi:100,50,50,30,F:50,100,50,30,POCAS,MULTIlr,eps:150batch_size:100lr:0.001lr_gamma:0.5,mass,energy,pz:hasTHETA_CHI2,err:noErrscal_inps
epoch:  0 train loss:  259.6702880859375 test loss:  254.02261352539062
epoch:  1 train loss:  216.3542938232422 test loss:  211.25424194335938
epoch:  2 train loss:  202.3799285888672 test loss:  197.22439575195312
epoch:  3 train loss:  192.59814453125 test loss:  187.87672424316406
epoch:  4 train loss:  187.11105346679688 test loss:  182.59152221679688
epoch:  5 train loss:  178.7586212158203 test loss:  174.60702514648438
epoch:  6 train loss:  175.02932739257812 test loss:  171.00009155273438
epoch:  7 train loss:  172.1956329345703 test loss:  168.10455322265625
epoch:  8 train loss:  171.05227661132812 test loss:  167.12954711914062
epoch:  9 train loss:  166.56219482421875 test loss:  162.9792022705078
epoch:  10 train loss:  165.14122009277344 test loss:  161.8709716796875
epoch:  11 train loss:  166.09664916992188 test loss:  163.1581573486328
epoch:  12 train loss:  163.28746032714844 test loss:  160.17483520507812
epoch:  13 train loss:  162.65464782714844 test loss:  159.55747985839844
epoch:  14 train loss:  157.5188446044922 test loss:  154.82882690429688
epoch:  15 train loss:  154.85116577148438 test loss:  152.13137817382812
epoch:  16 train loss:  153.93011474609375 test loss:  151.6263885498047
epoch:  17 train loss:  152.35067749023438 test loss:  149.4824981689453
epoch:  18 train loss:  152.2279052734375 test loss:  150.31959533691406
epoch:  19 train loss:  149.48326110839844 test loss:  146.90328979492188
epoch:  20 train loss:  154.6027374267578 test loss:  152.5899200439453
epoch:  21 train loss:  151.51254272460938 test loss:  149.02511596679688
epoch:  22 train loss:  148.43075561523438 test loss:  146.82591247558594
epoch:  23 train loss:  152.0050506591797 test loss:  150.01788330078125
epoch:  24 train loss:  146.30239868164062 test loss:  143.7867431640625
epoch:  25 train loss:  144.0355682373047 test loss:  142.3446502685547
epoch:  26 train loss:  144.9296417236328 test loss:  143.3966522216797
epoch:  27 train loss:  141.82107543945312 test loss:  140.14187622070312
epoch:  28 train loss:  140.94113159179688 test loss:  139.4956512451172
epoch:  29 train loss:  140.322998046875 test loss:  138.7084197998047
epoch:  30 train loss:  145.4932861328125 test loss:  144.4415283203125
epoch:  31 train loss:  137.80101013183594 test loss:  136.85977172851562
epoch:  32 train loss:  137.4011688232422 test loss:  135.99415588378906
epoch:  33 train loss:  135.05946350097656 test loss:  133.6721954345703
epoch:  34 train loss:  133.676513671875 test loss:  132.61334228515625
epoch:  35 train loss:  131.2112579345703 test loss:  130.31358337402344
epoch:  36 train loss:  131.5179443359375 test loss:  130.37527465820312
epoch:  37 train loss:  130.24612426757812 test loss:  128.73976135253906
epoch:  38 train loss:  132.53147888183594 test loss:  131.59237670898438
epoch:  39 train loss:  128.85633850097656 test loss:  127.72872161865234
epoch:  40 train loss:  124.15724182128906 test loss:  122.9352035522461
epoch:  41 train loss:  118.65371704101562 test loss:  117.25438690185547
epoch:  42 train loss:  118.87646484375 test loss:  117.47683715820312
epoch:  43 train loss:  118.69393920898438 test loss:  116.77236938476562
epoch:  44 train loss:  115.03219604492188 test loss:  113.7267837524414
epoch:  45 train loss:  114.6070785522461 test loss:  113.83758544921875
epoch:  46 train loss:  113.0399169921875 test loss:  112.21253967285156
epoch:  47 train loss:  111.9806137084961 test loss:  110.95683288574219
epoch:  48 train loss:  112.44332122802734 test loss:  112.0564956665039
epoch:  49 train loss:  110.51557922363281 test loss:  109.78433227539062
epoch:  50 train loss:  110.96142578125 test loss:  110.29658508300781
epoch:  51 train loss:  111.5486068725586 test loss:  110.88015747070312
epoch:  52 train loss:  107.28227996826172 test loss:  107.29917907714844
epoch:  53 train loss:  107.40601348876953 test loss:  107.84782409667969
epoch:  54 train loss:  106.40162658691406 test loss:  106.62018585205078
epoch:  55 train loss:  105.69266510009766 test loss:  105.87770080566406
epoch:  56 train loss:  105.23490142822266 test loss:  105.05247497558594
epoch:  57 train loss:  106.49141693115234 test loss:  106.6893081665039
epoch:  58 train loss:  103.49459838867188 test loss:  103.56018829345703
epoch:  59 train loss:  103.45622253417969 test loss:  103.68370056152344
epoch:  60 train loss:  104.37834167480469 test loss:  104.67082214355469
epoch:  61 train loss:  102.71255493164062 test loss:  102.8839111328125
epoch:  62 train loss:  101.27536010742188 test loss:  102.11782836914062
epoch:  63 train loss:  100.28273010253906 test loss:  101.09548950195312
epoch:  64 train loss:  100.52986907958984 test loss:  101.01891326904297
epoch:  65 train loss:  100.45113372802734 test loss:  101.12943267822266
epoch:  66 train loss:  104.57951354980469 test loss:  104.97420501708984
epoch:  67 train loss:  98.26844024658203 test loss:  98.78825378417969
epoch:  68 train loss:  99.82341766357422 test loss:  100.41107177734375
epoch:  69 train loss:  97.30772399902344 test loss:  98.05364990234375
epoch:  70 train loss:  97.10211944580078 test loss:  97.45845031738281
epoch:  71 train loss:  98.26165771484375 test loss:  99.25344848632812
epoch:  72 train loss:  95.53677368164062 test loss:  96.73190307617188
epoch:  73 train loss:  96.27928924560547 test loss:  97.8754653930664
epoch:  74 train loss:  97.20802307128906 test loss:  98.25541687011719
epoch:  75 train loss:  100.14840698242188 test loss:  102.29026794433594
epoch:  76 train loss:  94.65704345703125 test loss:  96.4501724243164
epoch:  77 train loss:  95.45008087158203 test loss:  97.62743377685547
epoch:  78 train loss:  96.82935333251953 test loss:  98.59122467041016
epoch:  79 train loss:  103.05379486083984 test loss:  104.66753387451172
epoch:  80 train loss:  92.40161895751953 test loss:  94.22734069824219
epoch:  81 train loss:  93.51702880859375 test loss:  95.63619232177734
epoch:  82 train loss:  93.13760375976562 test loss:  95.5371322631836
epoch:  83 train loss:  94.5391845703125 test loss:  96.95418548583984
epoch:  84 train loss:  92.19512176513672 test loss:  94.86006164550781
epoch:  85 train loss:  92.36414337158203 test loss:  94.90422058105469
epoch:  86 train loss:  91.96356201171875 test loss:  94.53534698486328
epoch:  87 train loss:  91.51473999023438 test loss:  94.43106079101562
epoch:  88 train loss:  94.74795532226562 test loss:  96.77189636230469
epoch:  89 train loss:  90.42847442626953 test loss:  93.84280395507812
epoch:  90 train loss:  92.15797424316406 test loss:  95.80689239501953
epoch:  91 train loss:  89.85330200195312 test loss:  93.56346893310547
epoch:  92 train loss:  91.45527648925781 test loss:  94.39645385742188
epoch:  93 train loss:  91.83695220947266 test loss:  95.61499786376953
epoch:  94 train loss:  90.1251220703125 test loss:  94.32242584228516
epoch:  95 train loss:  88.81844329833984 test loss:  92.26190185546875
epoch:  96 train loss:  88.66644287109375 test loss:  92.13330841064453
epoch:  97 train loss:  89.3351821899414 test loss:  93.6884536743164
epoch:  98 train loss:  91.54470825195312 test loss:  95.53236389160156
epoch:  99 train loss:  89.1528091430664 test loss:  93.49049377441406
epoch:  100 train loss:  88.72673797607422 test loss:  92.6976318359375
epoch:  101 train loss:  89.58955383300781 test loss:  93.50894927978516
epoch:  102 train loss:  89.9776382446289 test loss:  94.76455688476562
epoch:  103 train loss:  89.36370086669922 test loss:  93.41246795654297
epoch:  104 train loss:  88.77241516113281 test loss:  93.7213363647461
epoch:  105 train loss:  87.39820861816406 test loss:  91.9986343383789
epoch:  106 train loss:  86.27530670166016 test loss:  90.96221160888672
epoch:  107 train loss:  86.41835021972656 test loss:  91.74252319335938
epoch:  108 train loss:  85.65214538574219 test loss:  91.17395782470703
epoch:  109 train loss:  90.54795837402344 test loss:  96.36605072021484
epoch:  110 train loss:  87.9963150024414 test loss:  93.27265930175781
epoch:  111 train loss:  85.59555053710938 test loss:  90.94156646728516
epoch:  112 train loss:  88.68339538574219 test loss:  93.92353820800781
epoch:  113 train loss:  85.42100524902344 test loss:  91.6963119506836
epoch:  114 train loss:  84.6360092163086 test loss:  90.3790512084961
epoch:  115 train loss:  86.16192626953125 test loss:  92.195068359375
epoch:  116 train loss:  84.77510070800781 test loss:  90.34672546386719
epoch:  117 train loss:  84.56180572509766 test loss:  90.49696350097656
epoch:  118 train loss:  83.37052154541016 test loss:  89.85114288330078
epoch:  119 train loss:  83.97508239746094 test loss:  90.52871704101562
epoch:  120 train loss:  84.1885986328125 test loss:  90.37033081054688
epoch:  121 train loss:  86.6811752319336 test loss:  93.12835693359375
epoch:  122 train loss:  88.2684555053711 test loss:  94.5069351196289
epoch:  123 train loss:  83.92431640625 test loss:  90.44798278808594
epoch:  124 train loss:  82.3750228881836 test loss:  89.5733642578125
epoch:  125 train loss:  83.78324127197266 test loss:  90.38484954833984
epoch:  126 train loss:  83.6437759399414 test loss:  91.68597412109375
epoch:  127 train loss:  81.67546081542969 test loss:  89.29655456542969
epoch:  128 train loss:  81.8899154663086 test loss:  89.40675354003906
epoch:  129 train loss:  84.26162719726562 test loss:  92.23918914794922
epoch:  130 train loss:  82.58151245117188 test loss:  89.8968276977539
epoch:  131 train loss:  83.95465850830078 test loss:  92.3106460571289
epoch:  132 train loss:  81.6924057006836 test loss:  89.10347747802734
epoch:  133 train loss:  82.14234924316406 test loss:  90.00035858154297
epoch:  134 train loss:  84.00033569335938 test loss:  92.63922119140625
epoch:  135 train loss:  82.32557678222656 test loss:  90.76457977294922
epoch:  136 train loss:  81.35311126708984 test loss:  89.69151306152344
epoch:  137 train loss:  83.00475311279297 test loss:  91.77706146240234
epoch:  138 train loss:  81.89518737792969 test loss:  90.29438781738281
epoch:  139 train loss:  84.19395446777344 test loss:  92.65501403808594
epoch:  140 train loss:  80.96654510498047 test loss:  90.09349060058594
epoch:  141 train loss:  80.93872833251953 test loss:  90.24678802490234
epoch:  142 train loss:  82.50250244140625 test loss:  92.02945709228516
epoch:  143 train loss:  80.00343322753906 test loss:  89.59475708007812
epoch:  144 train loss:  79.99246978759766 test loss:  89.58460235595703
epoch:  145 train loss:  86.32826232910156 test loss:  94.68636322021484
epoch:  146 train loss:  79.52969360351562 test loss:  88.59586334228516
epoch:  147 train loss:  80.0749740600586 test loss:  90.1180648803711
epoch:  148 train loss:  79.83460998535156 test loss:  89.39493560791016
epoch:  149 train loss:  79.34089660644531 test loss:  89.10215759277344
Best loss: 88.59586334228516 Final loss: 89.10215759277344
Mean Distance: 5.066234719116479
Dist Std. Dev.:  7.964919325062966
y_test tensor([[ -4.1664,   1.7104,  -7.9322],
        [ -3.0430,  -5.8837, -16.2167],
        [  3.2423,  -0.5350,  -6.0964],
        ...,
        [  7.9517,   4.8233,  -1.2514],
        [ -0.3059,   0.3028,  -4.4350],
        [ -0.6909,   3.0820,   0.2246]])
y_test x,y:  tensor([[-4.1664,  1.7104],
        [-3.0430, -5.8837],
        [ 3.2423, -0.5350],
        ...,
        [ 7.9517,  4.8233],
        [-0.3059,  0.3028],
        [-0.6909,  3.0820]])
y_pred_test:  tensor([[ -4.4672,   1.2581,  -6.5490],
        [ -3.8156,  -3.7495, -13.6278],
        [  1.7532,   0.3256,  -4.8616],
        ...,
        [  9.4800,   6.0405,  -0.7494],
        [ -1.1502,   0.2857,  -2.9770],
        [ -0.1922,   2.1232,   1.0291]])
2D dists:  [0.54317343 2.26983571 1.71987438 ... 1.95381343 0.84439874 1.08069575]
Mean 2D Distance: 2.74311140584366
2D-Dist Std. Dev.:  4.007257511061402
y_test tensor([[ -4.1664,   1.7104,  -7.9322],
        [ -3.0430,  -5.8837, -16.2167],
        [  3.2423,  -0.5350,  -6.0964],
        ...,
        [  7.9517,   4.8233,  -1.2514],
        [ -0.3059,   0.3028,  -4.4350],
        [ -0.6909,   3.0820,   0.2246]])
y_test z:  tensor([ -7.9322, -16.2167,  -6.0964,  ...,  -1.2514,  -4.4350,   0.2246])
y_pred_test:  tensor([[ -4.4672,   1.2581,  -6.5490],
        [ -3.8156,  -3.7495, -13.6278],
        [  1.7532,   0.3256,  -4.8616],
        ...,
        [  9.4800,   6.0405,  -0.7494],
        [ -1.1502,   0.2857,  -2.9770],
        [ -0.1922,   2.1232,   1.0291]])
Z dists:  [1.38324881 2.58892632 1.23475885 ... 0.50197595 1.45805979 0.80449039]
Mean Abs Z Distance: 3.8104340515038033
Abs. Z-Dist Std. Dev.:  7.1417611320010215
Mean Z Dist:  0.6861168700751341
Z-Dist Std. Dev.:  8.06563104772718
af_ord:  (7944,) [  924  7887  9782 ...  6221 11126 12143]
dists_above5: [295.45327759 235.48162842 161.37232971 ...   2.76305914   2.39361835
   0.8459934 ]
mean dists (above 5): 6.94651251994186
std dev dists (above 5): 9.935693957787844
Latent_dim:30,Hidden_layers_in_phi:100,50,50,30,F:50,100,50,30,POCAS,MULTIlr,eps:150batch_size:100lr:0.001lr_gamma:0.5,mass,energy,pz:hasTHETA_CHI2_dlCut,err:noErrscal_inps
epoch:  0 train loss:  388.60137939453125 test loss:  427.3311462402344
epoch:  1 train loss:  378.454345703125 test loss:  416.2255859375
epoch:  2 train loss:  361.34881591796875 test loss:  399.0238952636719
epoch:  3 train loss:  335.9310607910156 test loss:  373.9837951660156
epoch:  4 train loss:  310.8738098144531 test loss:  347.1673583984375
epoch:  5 train loss:  296.8072204589844 test loss:  333.439697265625
epoch:  6 train loss:  282.04986572265625 test loss:  318.41949462890625
epoch:  7 train loss:  276.0160217285156 test loss:  313.21075439453125
epoch:  8 train loss:  270.93896484375 test loss:  307.1638488769531
epoch:  9 train loss:  276.5394287109375 test loss:  314.7911376953125
epoch:  10 train loss:  264.1492919921875 test loss:  301.8340759277344
epoch:  11 train loss:  261.0531921386719 test loss:  298.8720397949219
epoch:  12 train loss:  261.41217041015625 test loss:  298.6957092285156
epoch:  13 train loss:  267.7385559082031 test loss:  308.3360290527344
epoch:  14 train loss:  256.2738952636719 test loss:  296.1096496582031
epoch:  15 train loss:  270.74493408203125 test loss:  309.1814880371094
epoch:  16 train loss:  256.66326904296875 test loss:  295.0352478027344
epoch:  17 train loss:  253.20681762695312 test loss:  293.5588684082031
epoch:  18 train loss:  251.5712890625 test loss:  291.2501220703125
epoch:  19 train loss:  252.219482421875 test loss:  291.3249206542969
epoch:  20 train loss:  248.76622009277344 test loss:  289.88055419921875
epoch:  21 train loss:  249.41065979003906 test loss:  291.9005126953125
epoch:  22 train loss:  248.88148498535156 test loss:  289.2657470703125
epoch:  23 train loss:  246.75918579101562 test loss:  288.6288757324219
epoch:  24 train loss:  247.63380432128906 test loss:  288.43994140625
epoch:  25 train loss:  246.57000732421875 test loss:  289.8470458984375
epoch:  26 train loss:  245.8465118408203 test loss:  286.7659912109375
epoch:  27 train loss:  243.2631072998047 test loss:  286.052001953125
epoch:  28 train loss:  245.18710327148438 test loss:  286.931396484375
epoch:  29 train loss:  241.97262573242188 test loss:  285.265380859375
epoch:  30 train loss:  242.8200225830078 test loss:  285.4870910644531
epoch:  31 train loss:  248.51251220703125 test loss:  293.9703063964844
epoch:  32 train loss:  247.5152130126953 test loss:  291.4587097167969
epoch:  33 train loss:  241.40185546875 test loss:  285.9630432128906
epoch:  34 train loss:  237.5059356689453 test loss:  281.7726135253906
epoch:  35 train loss:  235.87059020996094 test loss:  279.3215637207031
epoch:  36 train loss:  243.1645965576172 test loss:  288.8599853515625
epoch:  37 train loss:  225.236328125 test loss:  268.0580749511719
epoch:  38 train loss:  218.6571502685547 test loss:  262.3091735839844
epoch:  39 train loss:  216.1519012451172 test loss:  258.7262268066406
epoch:  40 train loss:  214.64913940429688 test loss:  257.37774658203125
epoch:  41 train loss:  207.75155639648438 test loss:  249.89126586914062
epoch:  42 train loss:  203.943115234375 test loss:  246.7845916748047
epoch:  43 train loss:  201.13369750976562 test loss:  243.90530395507812
epoch:  44 train loss:  201.36744689941406 test loss:  242.64035034179688
epoch:  45 train loss:  198.64260864257812 test loss:  240.4772186279297
epoch:  46 train loss:  196.5081787109375 test loss:  238.55308532714844
epoch:  47 train loss:  190.65577697753906 test loss:  232.43638610839844
epoch:  48 train loss:  191.5644073486328 test loss:  236.20962524414062
epoch:  49 train loss:  180.05604553222656 test loss:  224.4464569091797
epoch:  50 train loss:  186.33639526367188 test loss:  231.57830810546875
epoch:  51 train loss:  174.46047973632812 test loss:  217.92532348632812
epoch:  52 train loss:  174.21868896484375 test loss:  218.78639221191406
epoch:  53 train loss:  172.19827270507812 test loss:  216.10824584960938
epoch:  54 train loss:  167.61463928222656 test loss:  210.00413513183594
epoch:  55 train loss:  162.48558044433594 test loss:  206.28211975097656
epoch:  56 train loss:  161.23902893066406 test loss:  204.1935577392578
epoch:  57 train loss:  161.48121643066406 test loss:  205.96859741210938
epoch:  58 train loss:  160.91844177246094 test loss:  203.81076049804688
epoch:  59 train loss:  160.39260864257812 test loss:  202.2418212890625
epoch:  60 train loss:  155.0289764404297 test loss:  198.28392028808594
epoch:  61 train loss:  159.31646728515625 test loss:  203.0946044921875
epoch:  62 train loss:  155.6195831298828 test loss:  200.36474609375
epoch:  63 train loss:  155.45498657226562 test loss:  200.1527862548828
epoch:  64 train loss:  155.474609375 test loss:  198.98776245117188
epoch:  65 train loss:  151.91909790039062 test loss:  197.21673583984375
epoch:  66 train loss:  150.86891174316406 test loss:  194.73403930664062
epoch:  67 train loss:  151.632568359375 test loss:  195.25588989257812
epoch:  68 train loss:  151.4025115966797 test loss:  194.61119079589844
epoch:  69 train loss:  148.61212158203125 test loss:  192.30699157714844
epoch:  70 train loss:  151.15687561035156 test loss:  196.01597595214844
epoch:  71 train loss:  148.08522033691406 test loss:  194.28855895996094
epoch:  72 train loss:  150.4123992919922 test loss:  195.14939880371094
epoch:  73 train loss:  145.81687927246094 test loss:  190.43527221679688
epoch:  74 train loss:  148.0985107421875 test loss:  192.90090942382812
epoch:  75 train loss:  144.43643188476562 test loss:  187.4065399169922
epoch:  76 train loss:  153.2265625 test loss:  196.0357208251953
epoch:  77 train loss:  145.42837524414062 test loss:  191.52520751953125
epoch:  78 train loss:  144.17764282226562 test loss:  187.4358673095703
epoch:  79 train loss:  141.83514404296875 test loss:  187.25828552246094
epoch:  80 train loss:  143.2936553955078 test loss:  189.0438690185547
epoch:  81 train loss:  140.09397888183594 test loss:  184.92799377441406
epoch:  82 train loss:  139.9080047607422 test loss:  185.83071899414062
epoch:  83 train loss:  140.2592315673828 test loss:  187.32913208007812
epoch:  84 train loss:  139.69850158691406 test loss:  183.45277404785156
epoch:  85 train loss:  138.1407470703125 test loss:  184.9398651123047
epoch:  86 train loss:  146.04489135742188 test loss:  193.9656982421875
epoch:  87 train loss:  138.16168212890625 test loss:  184.2616729736328
epoch:  88 train loss:  141.84564208984375 test loss:  190.70758056640625
epoch:  89 train loss:  139.84539794921875 test loss:  184.53453063964844
epoch:  90 train loss:  134.9109344482422 test loss:  181.05299377441406
epoch:  91 train loss:  134.7791290283203 test loss:  180.62542724609375
epoch:  92 train loss:  142.47409057617188 test loss:  188.8828582763672
epoch:  93 train loss:  133.0413360595703 test loss:  178.5668487548828
epoch:  94 train loss:  133.46119689941406 test loss:  179.5655517578125
epoch:  95 train loss:  134.75547790527344 test loss:  181.7783660888672
epoch:  96 train loss:  135.61172485351562 test loss:  181.27479553222656
epoch:  97 train loss:  134.3582000732422 test loss:  179.6693572998047
epoch:  98 train loss:  133.8697509765625 test loss:  179.64483642578125
epoch:  99 train loss:  134.0390167236328 test loss:  178.8332977294922
epoch:  100 train loss:  132.03041076660156 test loss:  177.67906188964844
epoch:  101 train loss:  133.46987915039062 test loss:  178.95460510253906
epoch:  102 train loss:  132.57240295410156 test loss:  178.9645538330078
epoch:  103 train loss:  133.51133728027344 test loss:  176.29696655273438
epoch:  104 train loss:  129.8638153076172 test loss:  176.51730346679688
epoch:  105 train loss:  132.0537872314453 test loss:  175.19956970214844
epoch:  106 train loss:  129.58274841308594 test loss:  175.4930877685547
epoch:  107 train loss:  129.40171813964844 test loss:  176.86019897460938
epoch:  108 train loss:  131.73760986328125 test loss:  179.38119506835938
epoch:  109 train loss:  129.3191375732422 test loss:  175.7493438720703
epoch:  110 train loss:  130.35958862304688 test loss:  175.66787719726562
epoch:  111 train loss:  127.89661407470703 test loss:  173.52806091308594
epoch:  112 train loss:  127.99208068847656 test loss:  174.3622589111328
epoch:  113 train loss:  128.02218627929688 test loss:  176.95401000976562
epoch:  114 train loss:  128.35028076171875 test loss:  175.6541290283203
epoch:  115 train loss:  126.83485412597656 test loss:  174.35215759277344
epoch:  116 train loss:  129.6765899658203 test loss:  177.13034057617188
epoch:  117 train loss:  126.39079284667969 test loss:  172.56405639648438
epoch:  118 train loss:  125.98780822753906 test loss:  173.09654235839844
epoch:  119 train loss:  127.696044921875 test loss:  177.23971557617188
epoch:  120 train loss:  126.30571746826172 test loss:  173.01280212402344
epoch:  121 train loss:  129.49351501464844 test loss:  177.27565002441406
epoch:  122 train loss:  125.85028839111328 test loss:  173.81643676757812
epoch:  123 train loss:  126.08393859863281 test loss:  173.12734985351562
epoch:  124 train loss:  126.39134216308594 test loss:  171.2050018310547
epoch:  125 train loss:  126.36309814453125 test loss:  173.82546997070312
epoch:  126 train loss:  128.212890625 test loss:  174.47885131835938
epoch:  127 train loss:  125.16416931152344 test loss:  172.3060760498047
epoch:  128 train loss:  124.767333984375 test loss:  173.21498107910156
epoch:  129 train loss:  123.69823455810547 test loss:  170.78546142578125
epoch:  130 train loss:  132.2196807861328 test loss:  180.42578125
epoch:  131 train loss:  124.69329071044922 test loss:  172.46661376953125
epoch:  132 train loss:  122.97308349609375 test loss:  171.85287475585938
epoch:  133 train loss:  126.77783966064453 test loss:  175.3072509765625
epoch:  134 train loss:  123.31713104248047 test loss:  171.94979858398438
epoch:  135 train loss:  125.16690826416016 test loss:  174.4041748046875
epoch:  136 train loss:  125.24552154541016 test loss:  174.00889587402344
epoch:  137 train loss:  123.10757446289062 test loss:  170.7665557861328
epoch:  138 train loss:  124.72193908691406 test loss:  172.20510864257812
epoch:  139 train loss:  123.961669921875 test loss:  171.65182495117188
epoch:  140 train loss:  124.76945495605469 test loss:  173.30885314941406
epoch:  141 train loss:  122.54935455322266 test loss:  171.0789337158203
epoch:  142 train loss:  121.60003662109375 test loss:  170.7766571044922
epoch:  143 train loss:  121.01670837402344 test loss:  169.15921020507812
epoch:  144 train loss:  125.01821899414062 test loss:  174.0259552001953
epoch:  145 train loss:  122.15620422363281 test loss:  169.2219696044922
epoch:  146 train loss:  121.82682800292969 test loss:  170.84169006347656
epoch:  147 train loss:  124.44131469726562 test loss:  175.4189453125
epoch:  148 train loss:  121.48066711425781 test loss:  172.64080810546875
epoch:  149 train loss:  129.69752502441406 test loss:  181.29345703125
Best loss: 169.15921020507812 Final loss: 181.29345703125
Mean Distance: 7.6488736821769425
Dist Std. Dev.:  11.081686097512328
y_test tensor([[ -6.7323,   4.8066,  -1.8376],
        [  0.5091,   1.8155,  -4.3017],
        [  6.7243,   5.4779,  23.0920],
        ...,
        [ -0.8095,   3.0178,   3.9168],
        [  2.1456,   5.0071,  11.6526],
        [ -6.2434,   6.8143, -14.6129]])
y_test x,y:  tensor([[-6.7323,  4.8066],
        [ 0.5091,  1.8155],
        [ 6.7243,  5.4779],
        ...,
        [-0.8095,  3.0178],
        [ 2.1456,  5.0071],
        [-6.2434,  6.8143]])
y_pred_test:  tensor([[ -6.1768,   3.3282,   0.9713],
        [  2.0203,   4.0410, -10.2749],
        [  4.8836,  10.2902,  29.0662],
        ...,
        [ -1.5856,   4.3275,   6.8652],
        [  0.3338,   3.6777,   8.7040],
        [ -8.1813,   8.2521, -16.7212]])
2D dists:  [1.57940233 2.69005632 5.15234995 ... 1.52241349 2.24723601 2.41299605]
Mean 2D Distance: 3.8821377255634513
2D-Dist Std. Dev.:  5.141085033891061
y_test tensor([[ -6.7323,   4.8066,  -1.8376],
        [  0.5091,   1.8155,  -4.3017],
        [  6.7243,   5.4779,  23.0920],
        ...,
        [ -0.8095,   3.0178,   3.9168],
        [  2.1456,   5.0071,  11.6526],
        [ -6.2434,   6.8143, -14.6129]])
y_test z:  tensor([ -1.8376,  -4.3017,  23.0920,  ...,   3.9168,  11.6526, -14.6129])
y_pred_test:  tensor([[ -6.1768,   3.3282,   0.9713],
        [  2.0203,   4.0410, -10.2749],
        [  4.8836,  10.2902,  29.0662],
        ...,
        [ -1.5856,   4.3275,   6.8652],
        [  0.3338,   3.6777,   8.7040],
        [ -8.1813,   8.2521, -16.7212]])
Z dists:  [ 2.8089242  -5.97321558  5.97420692 ...  2.9484508  -2.94859123
 -2.10829735]
Mean Abs Z Distance: 5.954264499915728
Abs. Z-Dist Std. Dev.:  10.215431258235537
Mean Z Dist:  2.756954118899367
Z-Dist Std. Dev.:  11.498305810230823
